[Licensing::Module] Successfully connected to LicensingClient on channel: "LicenseClient-gizam" (connect: 0.00s, validation: 0.01s, handshake: 0.50s)
Entitlement-based licensing initiated
[LicensingClient] Licenses updated successfully

LICENSE SYSTEM [20201018 22:1:54] Next license update check is after 2020-09-21T15:23:03


LICENSE SYSTEM [20201018 22:1:54] Current license is already valid and activated. Skipping license activation process (Provided username/password will be ignored).
Built from '2020.1/staging' branch; Version is '2020.1.8f1 (22e8c0b0c3ec) revision 2287808'; Using compiler version '192227905'; Build Type 'Release'
OS: 'Windows 10  (10.0.0) 64bit' Language: 'en' Physical Memory: 16332 MB
[Licensing::Module] Serial number assigned to: "F4-ZWRR-CPRZ-S6CS-V8UX-XXXX"
BatchMode: 1, IsHumanControllingUs: 0, StartBugReporterOnCrash: 0, Is64bit: 1, IsPro: 0

 COMMAND LINE ARGUMENTS:
C:\Unity\2020.1.8f1\Editor\Unity.exe
-adb2
-batchMode
-noUpm
-name
AssetImportWorker1
-projectPath
D:/Documents/_Projects_FAT/Client-Side-Prediction
-logFile
Logs/AssetImportWorker1.log
-srvPort
49221
Successfully changed project path to: D:/Documents/_Projects_FAT/Client-Side-Prediction
D:/Documents/_Projects_FAT/Client-Side-Prediction
Using Asset Import Pipeline V2.
Refreshing native plugins compatible for Editor in 22.85 ms, found 0 plugins.
Preloading 0 native plugins for Editor in 0.00 ms.
Initialize engine version: 2020.1.8f1 (22e8c0b0c3ec)
[Subsystems] Discovering subsystems at path C:/Unity/2020.1.8f1/Editor/Data/Resources/UnitySubsystems
[Subsystems] Discovering subsystems at path D:/Documents/_Projects_FAT/Client-Side-Prediction/Assets
GfxDevice: creating device client; threaded=0
Direct3D:
    Version:  Direct3D 11.0 [level 11.1]
    Renderer: NVIDIA GeForce RTX 2070 (ID=0x1f02)
    Vendor:   
    VRAM:     8031 MB
    Driver:   27.21.14.5671
Initialize mono
Mono path[0] = 'C:/Unity/2020.1.8f1/Editor/Data/Managed'
Mono path[1] = 'C:/Unity/2020.1.8f1/Editor/Data/MonoBleedingEdge/lib/mono/unityjit'
Mono config path = 'C:/Unity/2020.1.8f1/Editor/Data/MonoBleedingEdge/etc'
Using monoOptions --debugger-agent=transport=dt_socket,embedding=1,server=y,suspend=n,address=127.0.0.1:56224
Begin MonoManager ReloadAssembly
Registering precompiled unity dll's ...
Register platform support module: C:/Unity/2020.1.8f1/Editor/Data/PlaybackEngines/WindowsStandaloneSupport/UnityEditor.WindowsStandalone.Extensions.dll
Registered in 0.001155 seconds.
Native extension for WindowsStandalone target not found
Refreshing native plugins compatible for Editor in 20.43 ms, found 0 plugins.
Preloading 0 native plugins for Editor in 0.00 ms.
Mono: successfully reloaded assembly
- Completed reload, in  0.647 seconds
Registering precompiled user dll's ...
Registered in 0.053660 seconds.
Platform modules already initialized, skipping
Begin MonoManager ReloadAssembly
Symbol file LoadedFromMemory doesn't match image D:\Documents\_Projects_FAT\Client-Side-Prediction\Library\PackageCache\com.unity.ext.nunit@1.0.0\net35\unity-custom\nunit.framework.dll
Native extension for WindowsStandalone target not found
Refreshing native plugins compatible for Editor in 23.56 ms, found 0 plugins.
Preloading 0 native plugins for Editor in 0.00 ms.
Find all reader and writers took 39 milliseconds
Script Module: UnityEngine.TestRunner.dll
Weave sync objects took 5 milliseconds
Weave behaviours and messages took33 milliseconds
Find all reader and writers took 32 milliseconds
Script Module: UnityEngine.UI.dll
Weave sync objects took 2 milliseconds
Weave behaviours and messages took35 milliseconds
Find all reader and writers took 39 milliseconds
Script Module: Unity.TextMeshPro.dll
Weave sync objects took 8 milliseconds
Weave behaviours and messages took41 milliseconds
Find all reader and writers took 32 milliseconds
Script Module: Unity.Timeline.dll
Weave sync objects took 2 milliseconds
Weave behaviours and messages took15 milliseconds
Find all reader and writers took 31 milliseconds
Script Module: Telepathy.dll
Weave sync objects took 0 milliseconds
Weave behaviours and messages took1 milliseconds
Find all reader and writers took 31 milliseconds
Script Module: Mirror.Websocket.dll
Weave sync objects took 2 milliseconds
Weave behaviours and messages took5 milliseconds
Find all reader and writers took 31 milliseconds
Script Module: Mirror.Cloud.dll
Weave sync objects took 2 milliseconds
Weave behaviours and messages took3 milliseconds
Find all reader and writers took 31 milliseconds
Script Module: Mirror.Components.dll
Weave sync objects took 2 milliseconds
[NetworkAnimator] NetworkBehaviourProcessor
[NetworkRoomPlayer] NetworkBehaviourProcessor
[NetworkLobbyPlayer] NetworkBehaviourProcessor
[NetworkVisibility] NetworkBehaviourProcessor
[NetworkVisibility] Found NetworkBehaviour Mirror.NetworkVisibility
[NetworkVisibility] Process Start
[NetworkVisibility]   GenerateSerialization
[NetworkVisibility]   GenerateDeSerialization
[NetworkVisibility] Process Done
[NetworkMatchChecker] NetworkBehaviourProcessor
[NetworkVisibility] NetworkBehaviourProcessor
[NetworkProximityChecker] NetworkBehaviourProcessor
[NetworkRoomPlayer] NetworkBehaviourProcessor
[NetworkVisibility] NetworkBehaviourProcessor
[NetworkSceneChecker] NetworkBehaviourProcessor
[NetworkTransformBase] NetworkBehaviourProcessor
[NetworkTransform] NetworkBehaviourProcessor
[NetworkTransformBase] NetworkBehaviourProcessor
[NetworkTransformBase] NetworkBehaviourProcessor
[NetworkTransformChild] NetworkBehaviourProcessor
[NetworkLerpRigidbody] NetworkBehaviourProcessor
[NetworkRigidbody] NetworkBehaviourProcessor
[NetworkTransformBase] NetworkBehaviourProcessor
[NetworkTransform] NetworkBehaviourProcessor
[NetworkTransformBase] NetworkBehaviourProcessor
[NetworkTransformBase] NetworkBehaviourProcessor
[NetworkTransformChild] NetworkBehaviourProcessor
[MessageBase] MessageClassProcessor Start
[MessageBase]   GenerateSerialization
[MessageBase]   GenerateDeserialization
[MessageBase] MessageClassProcessor Done
[ServerRequest] MessageClassProcessor Start
[ServerRequest]   GenerateSerialization
[ServerRequest]   GenerateDeserialization
[ServerRequest] MessageClassProcessor Done
[ServerResponse] MessageClassProcessor Start
[ServerResponse]   GenerateSerialization
[ServerResponse]   GenerateDeserialization
[ServerResponse] MessageClassProcessor Done
Weave behaviours and messages took18 milliseconds
  ProcessSitesModule Mirror.Components.dll elapsed time:00:00:00.0070018
Find all reader and writers took 31 milliseconds
Script Module: Assembly-CSharp.dll
Weave sync objects took 2 milliseconds
[NetworkedClient] NetworkBehaviourProcessor
[NetworkedClient] NetworkBehaviourProcessor
[NetworkedRigidbody] NetworkBehaviourProcessor
[NetworkedClient] NetworkBehaviourProcessor
[NetworkedCharacterController] NetworkBehaviourProcessor
Weave behaviours and messages took5 milliseconds
Find all reader and writers took 31 milliseconds
Script Module: Ninja.WebSockets.dll
Weave sync objects took 0 milliseconds
Weave behaviours and messages took5 milliseconds
Find all reader and writers took 31 milliseconds
Script Module: Mirror.Examples.dll
Weave sync objects took 3 milliseconds
[Projectile] NetworkBehaviourProcessor
[Tank] NetworkBehaviourProcessor
[NetworkRoomPlayer] NetworkBehaviourProcessor
[NetworkRoomPlayerExt] NetworkBehaviourProcessor
[PlayerController] NetworkBehaviourProcessor
[PlayerScore] NetworkBehaviourProcessor
[RandomColor] NetworkBehaviourProcessor
[Reward] NetworkBehaviourProcessor
[Spawner] NetworkBehaviourProcessor
[Ball] NetworkBehaviourProcessor
[Player] NetworkBehaviourProcessor
[PhysicsCollision] NetworkBehaviourProcessor
[PlayerController] NetworkBehaviourProcessor
[PlayerScore] NetworkBehaviourProcessor
[RandomColor] NetworkBehaviourProcessor
[Reward] NetworkBehaviourProcessor
[Spawner] NetworkBehaviourProcessor
[MessageBase] MessageClassProcessor Start
[MessageBase]   GenerateSerialization
[MessageBase]   GenerateDeserialization
[MessageBase] MessageClassProcessor Done
[CreatePlayerMessage] MessageClassProcessor Start
[CreatePlayerMessage]   GenerateSerialization
[CreatePlayerMessage]   GenerateDeserialization
[CreatePlayerMessage] MessageClassProcessor Done
[Player] NetworkBehaviourProcessor
[MonsterMovement] NetworkBehaviourProcessor
[PlayerMovement] NetworkBehaviourProcessor
[Player] NetworkBehaviourProcessor
[PlayerController] NetworkBehaviourProcessor
[RandomColor] NetworkBehaviourProcessor
[ShootingTankBehaviour] NetworkBehaviourProcessor
[ZoneHandler] NetworkBehaviourProcessor
Weave behaviours and messages took8 milliseconds
  ProcessSitesModule Mirror.Examples.dll elapsed time:00:00:00.0011143
Find all reader and writers took 33 milliseconds
Script Module: Mirror.Examples.Cloud.GUI.dll
Weave sync objects took 4 milliseconds
Weave behaviours and messages took5 milliseconds
Find all reader and writers took 31 milliseconds
Script Module: Mirror.Examples.Cloud.Pong.dll
Weave sync objects took 3 milliseconds
[Ball] NetworkBehaviourProcessor
[BallManager] NetworkBehaviourProcessor
[Player] NetworkBehaviourProcessor
Weave behaviours and messages took3 milliseconds
  ProcessSitesModule Mirror.Examples.Cloud.Pong.dll elapsed time:00:00:00
Find all reader and writers took 31 milliseconds
Script Module: Mirror.Authenticators.dll
Weave sync objects took 4 milliseconds
[MessageBase] MessageClassProcessor Start
[MessageBase]   GenerateSerialization
[MessageBase]   GenerateDeserialization
[MessageBase] MessageClassProcessor Done
[AuthRequestMessage] MessageClassProcessor Start
[AuthRequestMessage]   GenerateSerialization
[AuthRequestMessage]   GenerateDeserialization
[AuthRequestMessage] MessageClassProcessor Done
[AuthResponseMessage] MessageClassProcessor Start
[AuthResponseMessage]   GenerateSerialization
[AuthResponseMessage]   GenerateDeserialization
[AuthResponseMessage] MessageClassProcessor Done
Weave behaviours and messages took5 milliseconds
  ProcessSitesModule Mirror.Authenticators.dll elapsed time:00:00:00
Find all reader and writers took 31 milliseconds
Script Module: Mirror.example.RigidbodyPhysics.dll
Weave sync objects took 2 milliseconds
[AddForce] NetworkBehaviourProcessor
Weave behaviours and messages took2 milliseconds
Find all reader and writers took 31 milliseconds
Script Module: UnityEditor.TestRunner.dll
Weave sync objects took 14 milliseconds
Weave behaviours and messages took30 milliseconds
Find all reader and writers took 33 milliseconds
Script Module: com.unity.quicksearch.dll
Weave sync objects took 12 milliseconds
Weave behaviours and messages took82 milliseconds
Find all reader and writers took 45 milliseconds
Script Module: UnityEditor.UI.dll
Weave sync objects took 7 milliseconds
Weave behaviours and messages took13 milliseconds
Find all reader and writers took 35 milliseconds
Script Module: Mirror.CompilerSymbols.dll
Weave sync objects took 0 milliseconds
Weave behaviours and messages took0 milliseconds
Mono: successfully reloaded assembly
- Completed reload, in  2.672 seconds
Platform modules already initialized, skipping
========================================================================
Worker process is ready to serve import requests
Refreshing native plugins compatible for Editor in 0.13 ms, found 0 plugins.
Preloading 0 native plugins for Editor in 0.00 ms.
Unloading 1445 Unused Serialized files (Serialized files now loaded: 0)
System memory in use before: 67.0 MB.
System memory in use after: 66.9 MB.

Unloading 14 unused Assets to reduce memory usage. Loaded Objects now: 1840.
Total: 3.038700 ms (FindLiveObjects: 0.287400 ms CreateObjectMapping: 0.025400 ms MarkObjects: 2.690100 ms  DeleteObjects: 0.034500 ms)

========================================================================
Received Import Request.
  path: Assets/_GiosNetworking/CharacterController/Client_CharacterController.prefab
  artifactKey: Guid(95e7ec852858ad84e89915c43a8a1187) Importer(2089858483,3291a93977bff14cd8133371a99a42d2)
Start importing Assets/_GiosNetworking/CharacterController/Client_CharacterController.prefab using Guid(95e7ec852858ad84e89915c43a8a1187) Importer(2089858483,3291a93977bff14cd8133371a99a42d2) 
Generated asset (ASIEI01) VirtualArtifacts/NamedExtra/0f46542226db953429a5bc690fa56356.asset.1.index for Assets/_GiosNetworking/CharacterController/Client_CharacterController.prefab with Types
 -> (target hash: 'dcde2cee7c4289394f8bc2172703cb33') in 0.044994 seconds
  Import took 0.047390 seconds .

========================================================================
Received Import Request.
  Time since last request: 1.284641 seconds.
  path: Assets/_GiosNetworking/CharacterController/Client_CharacterController.prefab
  artifactKey: Guid(95e7ec852858ad84e89915c43a8a1187) Importer(2089858483,3291a93977bff14cd8133371a99a42d2)
Start importing Assets/_GiosNetworking/CharacterController/Client_CharacterController.prefab using Guid(95e7ec852858ad84e89915c43a8a1187) Importer(2089858483,3291a93977bff14cd8133371a99a42d2) 
Generated asset (ASIEI01) VirtualArtifacts/NamedExtra/cd85fbfe7f20bad4182ca6927c04cff0.asset.1.index for Assets/_GiosNetworking/CharacterController/Client_CharacterController.prefab with Types
 -> (target hash: '0406bdfac8f6392dbd9bdac25d8e4cb7') in 0.002963 seconds
  Import took 0.005228 seconds .

========================================================================
Received Import Request.
  Time since last request: 11.405583 seconds.
  path: Assets/_GiosNetworking/Rigidbody/Client_Rigidbody.prefab
  artifactKey: Guid(31c50e1f3489a5846854e542326281d3) Importer(2089858483,3291a93977bff14cd8133371a99a42d2)
Start importing Assets/_GiosNetworking/Rigidbody/Client_Rigidbody.prefab using Guid(31c50e1f3489a5846854e542326281d3) Importer(2089858483,3291a93977bff14cd8133371a99a42d2) 
Generated asset (ASIEI01) VirtualArtifacts/NamedExtra/83a42163e16bf26479716ec9fd6058a0.asset.1.index for Assets/_GiosNetworking/Rigidbody/Client_Rigidbody.prefab with Types
 -> (target hash: 'bc8c599625f23c3c8a0a9439af5b43de') in 0.002809 seconds
  Import took 0.005056 seconds .

========================================================================
Received Prepare
Reloading mono domain
Begin MonoManager ReloadAssembly
Registering precompiled unity dll's ...
Register platform support module: C:/Unity/2020.1.8f1/Editor/Data/PlaybackEngines/WindowsStandaloneSupport/UnityEditor.WindowsStandalone.Extensions.dll
Registered in 0.001112 seconds.
Symbol file LoadedFromMemory doesn't match image D:\Documents\_Projects_FAT\Client-Side-Prediction\Library\PackageCache\com.unity.ext.nunit@1.0.0\net35\unity-custom\nunit.framework.dll
Native extension for WindowsStandalone target not found
Refreshing native plugins compatible for Editor in 23.70 ms, found 0 plugins.
Preloading 0 native plugins for Editor in 0.00 ms.
Mono: successfully reloaded assembly
- Completed reload, in  0.587 seconds
Registering precompiled user dll's ...
Registered in 0.052123 seconds.
Platform modules already initialized, skipping
Begin MonoManager ReloadAssembly
Symbol file LoadedFromMemory doesn't match image D:\Documents\_Projects_FAT\Client-Side-Prediction\Library\PackageCache\com.unity.ext.nunit@1.0.0\net35\unity-custom\nunit.framework.dll
Native extension for WindowsStandalone target not found
Refreshing native plugins compatible for Editor in 0.25 ms, found 0 plugins.
Preloading 0 native plugins for Editor in 0.00 ms.
Mono: successfully reloaded assembly
- Completed reload, in  0.575 seconds
Platform modules already initialized, skipping
Refreshing native plugins compatible for Editor in 0.13 ms, found 0 plugins.
Preloading 0 native plugins for Editor in 0.00 ms.
Unloading 10 Unused Serialized files (Serialized files now loaded: 0)
System memory in use before: 38.7 MB.
System memory in use after: 38.8 MB.

Unloading 9 unused Assets to reduce memory usage. Loaded Objects now: 1844.
Total: 1.288600 ms (FindLiveObjects: 0.262300 ms CreateObjectMapping: 0.022700 ms MarkObjects: 0.993400 ms  DeleteObjects: 0.009600 ms)

========================================================================
Received Prepare
Refreshing native plugins compatible for Editor in 1.44 ms, found 0 plugins.
Preloading 0 native plugins for Editor in 0.00 ms.
Unloading 7 Unused Serialized files (Serialized files now loaded: 0)
System memory in use before: 38.3 MB.
System memory in use after: 38.5 MB.

Unloading 7 unused Assets to reduce memory usage. Loaded Objects now: 1844.
Total: 1.265200 ms (FindLiveObjects: 0.262100 ms CreateObjectMapping: 0.021700 ms MarkObjects: 0.972800 ms  DeleteObjects: 0.008100 ms)

========================================================================
Received Prepare
Reloading mono domain
Begin MonoManager ReloadAssembly
Registering precompiled unity dll's ...
Register platform support module: C:/Unity/2020.1.8f1/Editor/Data/PlaybackEngines/WindowsStandaloneSupport/UnityEditor.WindowsStandalone.Extensions.dll
Registered in 0.001171 seconds.
Symbol file LoadedFromMemory doesn't match image D:\Documents\_Projects_FAT\Client-Side-Prediction\Library\PackageCache\com.unity.ext.nunit@1.0.0\net35\unity-custom\nunit.framework.dll
Native extension for WindowsStandalone target not found
Refreshing native plugins compatible for Editor in 23.74 ms, found 0 plugins.
Preloading 0 native plugins for Editor in 0.00 ms.
Mono: successfully reloaded assembly
- Completed reload, in  0.703 seconds
Registering precompiled user dll's ...
Registered in 0.058036 seconds.
Platform modules already initialized, skipping
Begin MonoManager ReloadAssembly
Symbol file LoadedFromMemory doesn't match image D:\Documents\_Projects_FAT\Client-Side-Prediction\Library\PackageCache\com.unity.ext.nunit@1.0.0\net35\unity-custom\nunit.framework.dll
Native extension for WindowsStandalone target not found
Refreshing native plugins compatible for Editor in 0.30 ms, found 0 plugins.
Preloading 0 native plugins for Editor in 0.00 ms.
Mono: successfully reloaded assembly
- Completed reload, in  0.601 seconds
Platform modules already initialized, skipping
Refreshing native plugins compatible for Editor in 0.12 ms, found 0 plugins.
Preloading 0 native plugins for Editor in 0.00 ms.
Unloading 10 Unused Serialized files (Serialized files now loaded: 0)
System memory in use before: 38.7 MB.
System memory in use after: 38.8 MB.

Unloading 9 unused Assets to reduce memory usage. Loaded Objects now: 1848.
Total: 1.319200 ms (FindLiveObjects: 0.273400 ms CreateObjectMapping: 0.023700 ms MarkObjects: 1.011700 ms  DeleteObjects: 0.010100 ms)

========================================================================
Received Prepare
Reloading mono domain
Begin MonoManager ReloadAssembly
Registering precompiled unity dll's ...
Register platform support module: C:/Unity/2020.1.8f1/Editor/Data/PlaybackEngines/WindowsStandaloneSupport/UnityEditor.WindowsStandalone.Extensions.dll
Registered in 0.001075 seconds.
Symbol file LoadedFromMemory doesn't match image D:\Documents\_Projects_FAT\Client-Side-Prediction\Library\PackageCache\com.unity.ext.nunit@1.0.0\net35\unity-custom\nunit.framework.dll
Native extension for WindowsStandalone target not found
Refreshing native plugins compatible for Editor in 23.89 ms, found 0 plugins.
Preloading 0 native plugins for Editor in 0.00 ms.
Mono: successfully reloaded assembly
- Completed reload, in  0.642 seconds
Registering precompiled user dll's ...
Registered in 0.052486 seconds.
Platform modules already initialized, skipping
Begin MonoManager ReloadAssembly
Symbol file LoadedFromMemory doesn't match image D:\Documents\_Projects_FAT\Client-Side-Prediction\Library\PackageCache\com.unity.ext.nunit@1.0.0\net35\unity-custom\nunit.framework.dll
Native extension for WindowsStandalone target not found
Refreshing native plugins compatible for Editor in 0.26 ms, found 0 plugins.
Preloading 0 native plugins for Editor in 0.00 ms.
Mono: successfully reloaded assembly
- Completed reload, in  0.639 seconds
Platform modules already initialized, skipping
Refreshing native plugins compatible for Editor in 0.13 ms, found 0 plugins.
Preloading 0 native plugins for Editor in 0.00 ms.
Unloading 10 Unused Serialized files (Serialized files now loaded: 0)
System memory in use before: 38.7 MB.
System memory in use after: 38.8 MB.

Unloading 9 unused Assets to reduce memory usage. Loaded Objects now: 1852.
Total: 1.333100 ms (FindLiveObjects: 0.278400 ms CreateObjectMapping: 0.022800 ms MarkObjects: 1.021600 ms  DeleteObjects: 0.009700 ms)

========================================================================
Received Import Request.
  Time since last request: 172.853911 seconds.
  path: Assets/_GiosNetworking/Rigidbody/Phantom_Rigidbody.prefab
  artifactKey: Guid(f89fddade319000439a2cd6f0d315336) Importer(2089858483,3291a93977bff14cd8133371a99a42d2)
Start importing Assets/_GiosNetworking/Rigidbody/Phantom_Rigidbody.prefab using Guid(f89fddade319000439a2cd6f0d315336) Importer(2089858483,3291a93977bff14cd8133371a99a42d2) 
Generated asset (ASIEI01) VirtualArtifacts/NamedExtra/aac6a37badf5a304abb52eb4330bd851.asset.1.index for Assets/_GiosNetworking/Rigidbody/Phantom_Rigidbody.prefab with Types
 -> (target hash: '7b9de998e6cd82119b4796114763a05a') in 0.044260 seconds
  Import took 0.046867 seconds .

========================================================================
Received Import Request.
  Time since last request: 8.728227 seconds.
  path: Assets/_GiosNetworking/Rigidbody/Phantom_Rigidbody.prefab
  artifactKey: Guid(f89fddade319000439a2cd6f0d315336) Importer(2089858483,3291a93977bff14cd8133371a99a42d2)
Start importing Assets/_GiosNetworking/Rigidbody/Phantom_Rigidbody.prefab using Guid(f89fddade319000439a2cd6f0d315336) Importer(2089858483,3291a93977bff14cd8133371a99a42d2) 
Generated asset (ASIEI01) VirtualArtifacts/NamedExtra/db4f31df9376d184890437f363d4e51a.asset.1.index for Assets/_GiosNetworking/Rigidbody/Phantom_Rigidbody.prefab with Types
 -> (target hash: '0798819ec989690dc9543a5bb6153a05') in 0.002924 seconds
  Import took 0.005150 seconds .

========================================================================
Received Import Request.
  Time since last request: 7.040234 seconds.
  path: Assets/_GiosNetworking/Rigidbody/Phantom_Rigidbody.prefab
  artifactKey: Guid(f89fddade319000439a2cd6f0d315336) Importer(2089858483,3291a93977bff14cd8133371a99a42d2)
Start importing Assets/_GiosNetworking/Rigidbody/Phantom_Rigidbody.prefab using Guid(f89fddade319000439a2cd6f0d315336) Importer(2089858483,3291a93977bff14cd8133371a99a42d2) 
Generated asset (ASIEI01) VirtualArtifacts/NamedExtra/c5149409e6246eb4a808a7b4a5f9f6bc.asset.1.index for Assets/_GiosNetworking/Rigidbody/Phantom_Rigidbody.prefab with Types
 -> (target hash: '05b65c054f351a0f31d6780e2be21d95') in 0.002804 seconds
  Import took 0.005023 seconds .

========================================================================
Received Import Request.
  Time since last request: 10.705164 seconds.
  path: Assets/_GiosNetworking/Rigidbody/Phantom_Rigidbody.prefab
  artifactKey: Guid(f89fddade319000439a2cd6f0d315336) Importer(2089858483,3291a93977bff14cd8133371a99a42d2)
Start importing Assets/_GiosNetworking/Rigidbody/Phantom_Rigidbody.prefab using Guid(f89fddade319000439a2cd6f0d315336) Importer(2089858483,3291a93977bff14cd8133371a99a42d2) 
Generated asset (ASIEI01) VirtualArtifacts/NamedExtra/6c7e2b8407f69434c951b4ad56e5ae81.asset.1.index for Assets/_GiosNetworking/Rigidbody/Phantom_Rigidbody.prefab with Types
 -> (target hash: '7c9f494ce9847d48b6f7f948fdd1f28a') in 0.002917 seconds
  Import took 0.005217 seconds .

========================================================================
Received Import Request.
  Time since last request: 38.653761 seconds.
  path: Assets/_GiosNetworking/CharacterController/Phantom_CharacterController.prefab
  artifactKey: Guid(71fa689b40999f94593cdd648e5e13bf) Importer(2089858483,3291a93977bff14cd8133371a99a42d2)
Start importing Assets/_GiosNetworking/CharacterController/Phantom_CharacterController.prefab using Guid(71fa689b40999f94593cdd648e5e13bf) Importer(2089858483,3291a93977bff14cd8133371a99a42d2) 
Generated asset (ASIEI01) VirtualArtifacts/NamedExtra/0503497b586c5694dbc31b6d727b28b7.asset.1.index for Assets/_GiosNetworking/CharacterController/Phantom_CharacterController.prefab with Types
 -> (target hash: '88a7a3815eda24e845ce3fc580bce5e0') in 0.003421 seconds
  Import took 0.005615 seconds .

========================================================================
Received Import Request.
  Time since last request: 3.127179 seconds.
  path: Assets/_GiosNetworking/CharacterController/Client_CharacterController.prefab
  artifactKey: Guid(95e7ec852858ad84e89915c43a8a1187) Importer(2089858483,3291a93977bff14cd8133371a99a42d2)
Start importing Assets/_GiosNetworking/CharacterController/Client_CharacterController.prefab using Guid(95e7ec852858ad84e89915c43a8a1187) Importer(2089858483,3291a93977bff14cd8133371a99a42d2) 
Generated asset (ASIEI01) VirtualArtifacts/NamedExtra/1cc1236fabaafae489b6c90c795e44d3.asset.1.index for Assets/_GiosNetworking/CharacterController/Client_CharacterController.prefab with Types
 -> (target hash: '066655ab922ff7c93790b78bec5b2a22') in 0.003011 seconds
  Import took 0.005260 seconds .

========================================================================
Received Import Request.
  Time since last request: 14.985367 seconds.
  path: Assets/_GiosNetworking/Rigidbody/Client_Rigidbody.prefab
  artifactKey: Guid(31c50e1f3489a5846854e542326281d3) Importer(2089858483,3291a93977bff14cd8133371a99a42d2)
Start importing Assets/_GiosNetworking/Rigidbody/Client_Rigidbody.prefab using Guid(31c50e1f3489a5846854e542326281d3) Importer(2089858483,3291a93977bff14cd8133371a99a42d2) 
Generated asset (ASIEI01) VirtualArtifacts/NamedExtra/284b4b5e33b41a7419f1711bc4075789.asset.1.index for Assets/_GiosNetworking/Rigidbody/Client_Rigidbody.prefab with Types
 -> (target hash: '5ceaac20193b0cf8745345b9dc14d70b') in 0.002828 seconds
  Import took 0.005001 seconds .

========================================================================
Received Prepare
Reloading mono domain
Begin MonoManager ReloadAssembly
Registering precompiled unity dll's ...
Register platform support module: C:/Unity/2020.1.8f1/Editor/Data/PlaybackEngines/WindowsStandaloneSupport/UnityEditor.WindowsStandalone.Extensions.dll
Registered in 0.001090 seconds.
Symbol file LoadedFromMemory doesn't match image D:\Documents\_Projects_FAT\Client-Side-Prediction\Library\PackageCache\com.unity.ext.nunit@1.0.0\net35\unity-custom\nunit.framework.dll
Native extension for WindowsStandalone target not found
Refreshing native plugins compatible for Editor in 23.73 ms, found 0 plugins.
Preloading 0 native plugins for Editor in 0.00 ms.
Mono: successfully reloaded assembly
- Completed reload, in  0.687 seconds
Registering precompiled user dll's ...
Registered in 0.052216 seconds.
Platform modules already initialized, skipping
Begin MonoManager ReloadAssembly
Symbol file LoadedFromMemory doesn't match image D:\Documents\_Projects_FAT\Client-Side-Prediction\Library\PackageCache\com.unity.ext.nunit@1.0.0\net35\unity-custom\nunit.framework.dll
Native extension for WindowsStandalone target not found
Refreshing native plugins compatible for Editor in 0.29 ms, found 0 plugins.
Preloading 0 native plugins for Editor in 0.00 ms.
Mono: successfully reloaded assembly
- Completed reload, in  0.654 seconds
Platform modules already initialized, skipping
Refreshing native plugins compatible for Editor in 0.13 ms, found 0 plugins.
Preloading 0 native plugins for Editor in 0.00 ms.
Unloading 10 Unused Serialized files (Serialized files now loaded: 0)
System memory in use before: 38.7 MB.
System memory in use after: 38.8 MB.

Unloading 9 unused Assets to reduce memory usage. Loaded Objects now: 1856.
Total: 1.330800 ms (FindLiveObjects: 0.271600 ms CreateObjectMapping: 0.023100 ms MarkObjects: 1.022100 ms  DeleteObjects: 0.013500 ms)

========================================================================
Received Prepare
Reloading mono domain
Begin MonoManager ReloadAssembly
Registering precompiled unity dll's ...
Register platform support module: C:/Unity/2020.1.8f1/Editor/Data/PlaybackEngines/WindowsStandaloneSupport/UnityEditor.WindowsStandalone.Extensions.dll
Registered in 0.001095 seconds.
Symbol file LoadedFromMemory doesn't match image D:\Documents\_Projects_FAT\Client-Side-Prediction\Library\PackageCache\com.unity.ext.nunit@1.0.0\net35\unity-custom\nunit.framework.dll
Native extension for WindowsStandalone target not found
Refreshing native plugins compatible for Editor in 23.56 ms, found 0 plugins.
Preloading 0 native plugins for Editor in 0.00 ms.
Mono: successfully reloaded assembly
- Completed reload, in  0.692 seconds
Registering precompiled user dll's ...
Registered in 0.051952 seconds.
Platform modules already initialized, skipping
Begin MonoManager ReloadAssembly
Symbol file LoadedFromMemory doesn't match image D:\Documents\_Projects_FAT\Client-Side-Prediction\Library\PackageCache\com.unity.ext.nunit@1.0.0\net35\unity-custom\nunit.framework.dll
Native extension for WindowsStandalone target not found
Refreshing native plugins compatible for Editor in 0.26 ms, found 0 plugins.
Preloading 0 native plugins for Editor in 0.00 ms.
Mono: successfully reloaded assembly
- Completed reload, in  0.688 seconds
Platform modules already initialized, skipping
Refreshing native plugins compatible for Editor in 0.14 ms, found 0 plugins.
Preloading 0 native plugins for Editor in 0.00 ms.
Unloading 10 Unused Serialized files (Serialized files now loaded: 0)
System memory in use before: 38.7 MB.
System memory in use after: 38.8 MB.

Unloading 9 unused Assets to reduce memory usage. Loaded Objects now: 1860.
Total: 1.296400 ms (FindLiveObjects: 0.271800 ms CreateObjectMapping: 0.023600 ms MarkObjects: 0.990500 ms  DeleteObjects: 0.009900 ms)

========================================================================
Received Prepare
Reloading mono domain
Begin MonoManager ReloadAssembly
Registering precompiled unity dll's ...
Register platform support module: C:/Unity/2020.1.8f1/Editor/Data/PlaybackEngines/WindowsStandaloneSupport/UnityEditor.WindowsStandalone.Extensions.dll
Registered in 0.001091 seconds.
Symbol file LoadedFromMemory doesn't match image D:\Documents\_Projects_FAT\Client-Side-Prediction\Library\PackageCache\com.unity.ext.nunit@1.0.0\net35\unity-custom\nunit.framework.dll
Native extension for WindowsStandalone target not found
Refreshing native plugins compatible for Editor in 23.47 ms, found 0 plugins.
Preloading 0 native plugins for Editor in 0.00 ms.
Mono: successfully reloaded assembly
- Completed reload, in  0.728 seconds
Registering precompiled user dll's ...
Registered in 0.052106 seconds.
Platform modules already initialized, skipping
Begin MonoManager ReloadAssembly
Symbol file LoadedFromMemory doesn't match image D:\Documents\_Projects_FAT\Client-Side-Prediction\Library\PackageCache\com.unity.ext.nunit@1.0.0\net35\unity-custom\nunit.framework.dll
Native extension for WindowsStandalone target not found
Refreshing native plugins compatible for Editor in 0.25 ms, found 0 plugins.
Preloading 0 native plugins for Editor in 0.00 ms.
Mono: successfully reloaded assembly
- Completed reload, in  0.713 seconds
Platform modules already initialized, skipping
Refreshing native plugins compatible for Editor in 0.13 ms, found 0 plugins.
Preloading 0 native plugins for Editor in 0.00 ms.
Unloading 10 Unused Serialized files (Serialized files now loaded: 0)
System memory in use before: 38.7 MB.
System memory in use after: 38.8 MB.

Unloading 9 unused Assets to reduce memory usage. Loaded Objects now: 1864.
Total: 1.372500 ms (FindLiveObjects: 0.228900 ms CreateObjectMapping: 0.023000 ms MarkObjects: 1.105200 ms  DeleteObjects: 0.015200 ms)

========================================================================
Received Prepare
Refreshing native plugins compatible for Editor in 1.46 ms, found 0 plugins.
Preloading 0 native plugins for Editor in 0.00 ms.
Unloading 7 Unused Serialized files (Serialized files now loaded: 0)
System memory in use before: 38.4 MB.
System memory in use after: 38.5 MB.

Unloading 7 unused Assets to reduce memory usage. Loaded Objects now: 1864.
Total: 1.301400 ms (FindLiveObjects: 0.275800 ms CreateObjectMapping: 0.023100 ms MarkObjects: 0.993900 ms  DeleteObjects: 0.008200 ms)

========================================================================
Received Prepare
Reloading mono domain
Begin MonoManager ReloadAssembly
Registering precompiled unity dll's ...
Register platform support module: C:/Unity/2020.1.8f1/Editor/Data/PlaybackEngines/WindowsStandaloneSupport/UnityEditor.WindowsStandalone.Extensions.dll
Registered in 0.001185 seconds.
Symbol file LoadedFromMemory doesn't match image D:\Documents\_Projects_FAT\Client-Side-Prediction\Library\PackageCache\com.unity.ext.nunit@1.0.0\net35\unity-custom\nunit.framework.dll
Native extension for WindowsStandalone target not found
Refreshing native plugins compatible for Editor in 23.62 ms, found 0 plugins.
Preloading 0 native plugins for Editor in 0.00 ms.
Mono: successfully reloaded assembly
- Completed reload, in  0.835 seconds
Registering precompiled user dll's ...
Registered in 0.060261 seconds.
Platform modules already initialized, skipping
Begin MonoManager ReloadAssembly
Symbol file LoadedFromMemory doesn't match image D:\Documents\_Projects_FAT\Client-Side-Prediction\Library\PackageCache\com.unity.ext.nunit@1.0.0\net35\unity-custom\nunit.framework.dll
Native extension for WindowsStandalone target not found
Refreshing native plugins compatible for Editor in 0.25 ms, found 0 plugins.
Preloading 0 native plugins for Editor in 0.00 ms.
Mono: successfully reloaded assembly
- Completed reload, in  0.744 seconds
Platform modules already initialized, skipping
Refreshing native plugins compatible for Editor in 0.13 ms, found 0 plugins.
Preloading 0 native plugins for Editor in 0.00 ms.
Unloading 10 Unused Serialized files (Serialized files now loaded: 0)
System memory in use before: 38.7 MB.
System memory in use after: 38.8 MB.

Unloading 9 unused Assets to reduce memory usage. Loaded Objects now: 1868.
Total: 1.302200 ms (FindLiveObjects: 0.269100 ms CreateObjectMapping: 0.023300 ms MarkObjects: 0.999800 ms  DeleteObjects: 0.009600 ms)

========================================================================
Received Prepare
Reloading mono domain
Begin MonoManager ReloadAssembly
Registering precompiled unity dll's ...
Register platform support module: C:/Unity/2020.1.8f1/Editor/Data/PlaybackEngines/WindowsStandaloneSupport/UnityEditor.WindowsStandalone.Extensions.dll
Registered in 0.001448 seconds.
Symbol file LoadedFromMemory doesn't match image D:\Documents\_Projects_FAT\Client-Side-Prediction\Library\PackageCache\com.unity.ext.nunit@1.0.0\net35\unity-custom\nunit.framework.dll
Native extension for WindowsStandalone target not found
Refreshing native plugins compatible for Editor in 33.79 ms, found 0 plugins.
Preloading 0 native plugins for Editor in 0.00 ms.
Mono: successfully reloaded assembly
- Completed reload, in  1.165 seconds
Registering precompiled user dll's ...
Registered in 0.072189 seconds.
Platform modules already initialized, skipping
Begin MonoManager ReloadAssembly
Symbol file LoadedFromMemory doesn't match image D:\Documents\_Projects_FAT\Client-Side-Prediction\Library\PackageCache\com.unity.ext.nunit@1.0.0\net35\unity-custom\nunit.framework.dll
Native extension for WindowsStandalone target not found
Refreshing native plugins compatible for Editor in 0.53 ms, found 0 plugins.
Preloading 0 native plugins for Editor in 0.00 ms.
Mono: successfully reloaded assembly
- Completed reload, in  1.102 seconds
Platform modules already initialized, skipping
Refreshing native plugins compatible for Editor in 0.14 ms, found 0 plugins.
Preloading 0 native plugins for Editor in 0.00 ms.
Unloading 10 Unused Serialized files (Serialized files now loaded: 0)
System memory in use before: 38.7 MB.
System memory in use after: 38.8 MB.

Unloading 9 unused Assets to reduce memory usage. Loaded Objects now: 1872.
Total: 1.802800 ms (FindLiveObjects: 0.336800 ms CreateObjectMapping: 0.025900 ms MarkObjects: 1.421300 ms  DeleteObjects: 0.018000 ms)

========================================================================
Received Prepare
Reloading mono domain
Begin MonoManager ReloadAssembly
Registering precompiled unity dll's ...
Register platform support module: C:/Unity/2020.1.8f1/Editor/Data/PlaybackEngines/WindowsStandaloneSupport/UnityEditor.WindowsStandalone.Extensions.dll
Registered in 0.001792 seconds.
Symbol file LoadedFromMemory doesn't match image D:\Documents\_Projects_FAT\Client-Side-Prediction\Library\PackageCache\com.unity.ext.nunit@1.0.0\net35\unity-custom\nunit.framework.dll
Native extension for WindowsStandalone target not found
Refreshing native plugins compatible for Editor in 36.59 ms, found 0 plugins.
Preloading 0 native plugins for Editor in 0.00 ms.
Mono: successfully reloaded assembly
- Completed reload, in  1.175 seconds
Registering precompiled user dll's ...
Registered in 0.098303 seconds.
Platform modules already initialized, skipping
Begin MonoManager ReloadAssembly
Symbol file LoadedFromMemory doesn't match image D:\Documents\_Projects_FAT\Client-Side-Prediction\Library\PackageCache\com.unity.ext.nunit@1.0.0\net35\unity-custom\nunit.framework.dll
Native extension for WindowsStandalone target not found
Refreshing native plugins compatible for Editor in 0.73 ms, found 0 plugins.
Preloading 0 native plugins for Editor in 0.00 ms.
Mono: successfully reloaded assembly
- Completed reload, in  1.208 seconds
Platform modules already initialized, skipping
Refreshing native plugins compatible for Editor in 0.22 ms, found 0 plugins.
Preloading 0 native plugins for Editor in 0.00 ms.
Unloading 10 Unused Serialized files (Serialized files now loaded: 0)
System memory in use before: 38.7 MB.
System memory in use after: 38.8 MB.

Unloading 9 unused Assets to reduce memory usage. Loaded Objects now: 1876.
Total: 1.637600 ms (FindLiveObjects: 0.344200 ms CreateObjectMapping: 0.034400 ms MarkObjects: 1.245200 ms  DeleteObjects: 0.013200 ms)

========================================================================
Received Prepare
Reloading mono domain
Begin MonoManager ReloadAssembly
Registering precompiled unity dll's ...
Register platform support module: C:/Unity/2020.1.8f1/Editor/Data/PlaybackEngines/WindowsStandaloneSupport/UnityEditor.WindowsStandalone.Extensions.dll
Registered in 0.001244 seconds.
Symbol file LoadedFromMemory doesn't match image D:\Documents\_Projects_FAT\Client-Side-Prediction\Library\PackageCache\com.unity.ext.nunit@1.0.0\net35\unity-custom\nunit.framework.dll
Native extension for WindowsStandalone target not found
Refreshing native plugins compatible for Editor in 27.56 ms, found 0 plugins.
Preloading 0 native plugins for Editor in 0.00 ms.
Mono: successfully reloaded assembly
- Completed reload, in  1.000 seconds
Registering precompiled user dll's ...
Registered in 0.065967 seconds.
Platform modules already initialized, skipping
Begin MonoManager ReloadAssembly
Symbol file LoadedFromMemory doesn't match image D:\Documents\_Projects_FAT\Client-Side-Prediction\Library\PackageCache\com.unity.ext.nunit@1.0.0\net35\unity-custom\nunit.framework.dll
Native extension for WindowsStandalone target not found
Refreshing native plugins compatible for Editor in 0.30 ms, found 0 plugins.
Preloading 0 native plugins for Editor in 0.00 ms.
Mono: successfully reloaded assembly
- Completed reload, in  0.954 seconds
Platform modules already initialized, skipping
Refreshing native plugins compatible for Editor in 0.28 ms, found 0 plugins.
Preloading 0 native plugins for Editor in 0.00 ms.
Unloading 10 Unused Serialized files (Serialized files now loaded: 0)
System memory in use before: 38.7 MB.
System memory in use after: 38.8 MB.

Unloading 9 unused Assets to reduce memory usage. Loaded Objects now: 1880.
Total: 1.414900 ms (FindLiveObjects: 0.290700 ms CreateObjectMapping: 0.025700 ms MarkObjects: 1.087600 ms  DeleteObjects: 0.010400 ms)

========================================================================
Received Prepare
Refreshing native plugins compatible for Editor in 1.46 ms, found 0 plugins.
Preloading 0 native plugins for Editor in 0.00 ms.
Unloading 7 Unused Serialized files (Serialized files now loaded: 0)
System memory in use before: 38.4 MB.
System memory in use after: 38.5 MB.

Unloading 7 unused Assets to reduce memory usage. Loaded Objects now: 1880.
Total: 1.296200 ms (FindLiveObjects: 0.267900 ms CreateObjectMapping: 0.023000 ms MarkObjects: 0.997500 ms  DeleteObjects: 0.007500 ms)

========================================================================
Received Prepare
Reloading mono domain
Begin MonoManager ReloadAssembly
Registering precompiled unity dll's ...
Register platform support module: C:/Unity/2020.1.8f1/Editor/Data/PlaybackEngines/WindowsStandaloneSupport/UnityEditor.WindowsStandalone.Extensions.dll
Registered in 0.001201 seconds.
Symbol file LoadedFromMemory doesn't match image D:\Documents\_Projects_FAT\Client-Side-Prediction\Library\PackageCache\com.unity.ext.nunit@1.0.0\net35\unity-custom\nunit.framework.dll
Native extension for WindowsStandalone target not found
Refreshing native plugins compatible for Editor in 26.45 ms, found 0 plugins.
Preloading 0 native plugins for Editor in 0.00 ms.
Mono: successfully reloaded assembly
- Completed reload, in  0.932 seconds
Registering precompiled user dll's ...
Registered in 0.053960 seconds.
Platform modules already initialized, skipping
Begin MonoManager ReloadAssembly
Symbol file LoadedFromMemory doesn't match image D:\Documents\_Projects_FAT\Client-Side-Prediction\Library\PackageCache\com.unity.ext.nunit@1.0.0\net35\unity-custom\nunit.framework.dll
Native extension for WindowsStandalone target not found
Refreshing native plugins compatible for Editor in 0.25 ms, found 0 plugins.
Preloading 0 native plugins for Editor in 0.00 ms.
Mono: successfully reloaded assembly
- Completed reload, in  0.851 seconds
Platform modules already initialized, skipping
Refreshing native plugins compatible for Editor in 0.13 ms, found 0 plugins.
Preloading 0 native plugins for Editor in 0.00 ms.
Unloading 10 Unused Serialized files (Serialized files now loaded: 0)
System memory in use before: 38.7 MB.
System memory in use after: 38.8 MB.

Unloading 9 unused Assets to reduce memory usage. Loaded Objects now: 1884.
Total: 1.289800 ms (FindLiveObjects: 0.242300 ms CreateObjectMapping: 0.023000 ms MarkObjects: 1.015000 ms  DeleteObjects: 0.009100 ms)

========================================================================
Received Prepare
Reloading mono domain
Begin MonoManager ReloadAssembly
Registering precompiled unity dll's ...
Register platform support module: C:/Unity/2020.1.8f1/Editor/Data/PlaybackEngines/WindowsStandaloneSupport/UnityEditor.WindowsStandalone.Extensions.dll
Registered in 0.001082 seconds.
Symbol file LoadedFromMemory doesn't match image D:\Documents\_Projects_FAT\Client-Side-Prediction\Library\PackageCache\com.unity.ext.nunit@1.0.0\net35\unity-custom\nunit.framework.dll
Native extension for WindowsStandalone target not found
Refreshing native plugins compatible for Editor in 23.74 ms, found 0 plugins.
Preloading 0 native plugins for Editor in 0.00 ms.
Mono: successfully reloaded assembly
- Completed reload, in  0.900 seconds
Registering precompiled user dll's ...
Registered in 0.051656 seconds.
Platform modules already initialized, skipping
Begin MonoManager ReloadAssembly
Symbol file LoadedFromMemory doesn't match image D:\Documents\_Projects_FAT\Client-Side-Prediction\Library\PackageCache\com.unity.ext.nunit@1.0.0\net35\unity-custom\nunit.framework.dll
Native extension for WindowsStandalone target not found
Refreshing native plugins compatible for Editor in 0.25 ms, found 0 plugins.
Preloading 0 native plugins for Editor in 0.00 ms.
Mono: successfully reloaded assembly
- Completed reload, in  0.864 seconds
Platform modules already initialized, skipping
Refreshing native plugins compatible for Editor in 0.13 ms, found 0 plugins.
Preloading 0 native plugins for Editor in 0.00 ms.
Unloading 10 Unused Serialized files (Serialized files now loaded: 0)
System memory in use before: 38.7 MB.
System memory in use after: 38.8 MB.

Unloading 9 unused Assets to reduce memory usage. Loaded Objects now: 1888.
Total: 1.180700 ms (FindLiveObjects: 0.169500 ms CreateObjectMapping: 0.021900 ms MarkObjects: 0.979500 ms  DeleteObjects: 0.009400 ms)

========================================================================
Received Prepare
Reloading mono domain
Begin MonoManager ReloadAssembly
Registering precompiled unity dll's ...
Register platform support module: C:/Unity/2020.1.8f1/Editor/Data/PlaybackEngines/WindowsStandaloneSupport/UnityEditor.WindowsStandalone.Extensions.dll
Registered in 0.001110 seconds.
Symbol file LoadedFromMemory doesn't match image D:\Documents\_Projects_FAT\Client-Side-Prediction\Library\PackageCache\com.unity.ext.nunit@1.0.0\net35\unity-custom\nunit.framework.dll
Native extension for WindowsStandalone target not found
Refreshing native plugins compatible for Editor in 23.51 ms, found 0 plugins.
Preloading 0 native plugins for Editor in 0.00 ms.
Mono: successfully reloaded assembly
- Completed reload, in  0.924 seconds
Registering precompiled user dll's ...
Registered in 0.053130 seconds.
Platform modules already initialized, skipping
Begin MonoManager ReloadAssembly
Symbol file LoadedFromMemory doesn't match image D:\Documents\_Projects_FAT\Client-Side-Prediction\Library\PackageCache\com.unity.ext.nunit@1.0.0\net35\unity-custom\nunit.framework.dll
Native extension for WindowsStandalone target not found
Refreshing native plugins compatible for Editor in 0.25 ms, found 0 plugins.
Preloading 0 native plugins for Editor in 0.00 ms.
Mono: successfully reloaded assembly
- Completed reload, in  0.905 seconds
Platform modules already initialized, skipping
Refreshing native plugins compatible for Editor in 0.13 ms, found 0 plugins.
Preloading 0 native plugins for Editor in 0.00 ms.
Unloading 10 Unused Serialized files (Serialized files now loaded: 0)
System memory in use before: 38.7 MB.
System memory in use after: 38.8 MB.

Unloading 9 unused Assets to reduce memory usage. Loaded Objects now: 1892.
Total: 1.205500 ms (FindLiveObjects: 0.168800 ms CreateObjectMapping: 0.022400 ms MarkObjects: 1.003300 ms  DeleteObjects: 0.010400 ms)

========================================================================
Received Prepare
Reloading mono domain
Begin MonoManager ReloadAssembly
Registering precompiled unity dll's ...
Register platform support module: C:/Unity/2020.1.8f1/Editor/Data/PlaybackEngines/WindowsStandaloneSupport/UnityEditor.WindowsStandalone.Extensions.dll
Registered in 0.001076 seconds.
Symbol file LoadedFromMemory doesn't match image D:\Documents\_Projects_FAT\Client-Side-Prediction\Library\PackageCache\com.unity.ext.nunit@1.0.0\net35\unity-custom\nunit.framework.dll
Native extension for WindowsStandalone target not found
Refreshing native plugins compatible for Editor in 23.64 ms, found 0 plugins.
Preloading 0 native plugins for Editor in 0.00 ms.
Mono: successfully reloaded assembly
- Completed reload, in  0.948 seconds
Registering precompiled user dll's ...
Registered in 0.053699 seconds.
Platform modules already initialized, skipping
Begin MonoManager ReloadAssembly
Symbol file LoadedFromMemory doesn't match image D:\Documents\_Projects_FAT\Client-Side-Prediction\Library\PackageCache\com.unity.ext.nunit@1.0.0\net35\unity-custom\nunit.framework.dll
Native extension for WindowsStandalone target not found
Refreshing native plugins compatible for Editor in 0.25 ms, found 0 plugins.
Preloading 0 native plugins for Editor in 0.00 ms.
Mono: successfully reloaded assembly
- Completed reload, in  0.935 seconds
Platform modules already initialized, skipping
Refreshing native plugins compatible for Editor in 0.13 ms, found 0 plugins.
Preloading 0 native plugins for Editor in 0.00 ms.
Unloading 10 Unused Serialized files (Serialized files now loaded: 0)
System memory in use before: 38.7 MB.
System memory in use after: 38.8 MB.

Unloading 9 unused Assets to reduce memory usage. Loaded Objects now: 1896.
Total: 1.216200 ms (FindLiveObjects: 0.178600 ms CreateObjectMapping: 0.022800 ms MarkObjects: 1.004500 ms  DeleteObjects: 0.009900 ms)

========================================================================
Received Prepare
Reloading mono domain
Begin MonoManager ReloadAssembly
Registering precompiled unity dll's ...
Register platform support module: C:/Unity/2020.1.8f1/Editor/Data/PlaybackEngines/WindowsStandaloneSupport/UnityEditor.WindowsStandalone.Extensions.dll
Registered in 0.001074 seconds.
Symbol file LoadedFromMemory doesn't match image D:\Documents\_Projects_FAT\Client-Side-Prediction\Library\PackageCache\com.unity.ext.nunit@1.0.0\net35\unity-custom\nunit.framework.dll
Native extension for WindowsStandalone target not found
Refreshing native plugins compatible for Editor in 23.21 ms, found 0 plugins.
Preloading 0 native plugins for Editor in 0.00 ms.
Mono: successfully reloaded assembly
- Completed reload, in  0.984 seconds
Registering precompiled user dll's ...
Registered in 0.051942 seconds.
Platform modules already initialized, skipping
Begin MonoManager ReloadAssembly
Symbol file LoadedFromMemory doesn't match image D:\Documents\_Projects_FAT\Client-Side-Prediction\Library\PackageCache\com.unity.ext.nunit@1.0.0\net35\unity-custom\nunit.framework.dll
Native extension for WindowsStandalone target not found
Refreshing native plugins compatible for Editor in 0.25 ms, found 0 plugins.
Preloading 0 native plugins for Editor in 0.00 ms.
Mono: successfully reloaded assembly
- Completed reload, in  0.950 seconds
Platform modules already initialized, skipping
Refreshing native plugins compatible for Editor in 0.12 ms, found 0 plugins.
Preloading 0 native plugins for Editor in 0.00 ms.
Unloading 10 Unused Serialized files (Serialized files now loaded: 0)
System memory in use before: 38.7 MB.
System memory in use after: 38.8 MB.

Unloading 9 unused Assets to reduce memory usage. Loaded Objects now: 1900.
Total: 1.288500 ms (FindLiveObjects: 0.262800 ms CreateObjectMapping: 0.023300 ms MarkObjects: 0.992500 ms  DeleteObjects: 0.009700 ms)

========================================================================
Received Prepare
Refreshing native plugins compatible for Editor in 1.40 ms, found 0 plugins.
Preloading 0 native plugins for Editor in 0.00 ms.
Unloading 7 Unused Serialized files (Serialized files now loaded: 0)
System memory in use before: 38.4 MB.
System memory in use after: 38.5 MB.

Unloading 7 unused Assets to reduce memory usage. Loaded Objects now: 1900.
Total: 1.331800 ms (FindLiveObjects: 0.272600 ms CreateObjectMapping: 0.023200 ms MarkObjects: 1.027600 ms  DeleteObjects: 0.008000 ms)

========================================================================
Received Prepare
Reloading mono domain
Begin MonoManager ReloadAssembly
Registering precompiled unity dll's ...
Register platform support module: C:/Unity/2020.1.8f1/Editor/Data/PlaybackEngines/WindowsStandaloneSupport/UnityEditor.WindowsStandalone.Extensions.dll
Registered in 0.001106 seconds.
Symbol file LoadedFromMemory doesn't match image D:\Documents\_Projects_FAT\Client-Side-Prediction\Library\PackageCache\com.unity.ext.nunit@1.0.0\net35\unity-custom\nunit.framework.dll
Native extension for WindowsStandalone target not found
Refreshing native plugins compatible for Editor in 22.84 ms, found 0 plugins.
Preloading 0 native plugins for Editor in 0.00 ms.
Mono: successfully reloaded assembly
- Completed reload, in  1.021 seconds
Registering precompiled user dll's ...
Registered in 0.053834 seconds.
Platform modules already initialized, skipping
Begin MonoManager ReloadAssembly
Symbol file LoadedFromMemory doesn't match image D:\Documents\_Projects_FAT\Client-Side-Prediction\Library\PackageCache\com.unity.ext.nunit@1.0.0\net35\unity-custom\nunit.framework.dll
Native extension for WindowsStandalone target not found
Refreshing native plugins compatible for Editor in 0.26 ms, found 0 plugins.
Preloading 0 native plugins for Editor in 0.00 ms.
Mono: successfully reloaded assembly
- Completed reload, in  1.016 seconds
Platform modules already initialized, skipping
Refreshing native plugins compatible for Editor in 0.13 ms, found 0 plugins.
Preloading 0 native plugins for Editor in 0.00 ms.
Unloading 10 Unused Serialized files (Serialized files now loaded: 0)
System memory in use before: 38.7 MB.
System memory in use after: 38.9 MB.

Unloading 9 unused Assets to reduce memory usage. Loaded Objects now: 1904.
Total: 1.329700 ms (FindLiveObjects: 0.248800 ms CreateObjectMapping: 0.022700 ms MarkObjects: 1.047500 ms  DeleteObjects: 0.010100 ms)

========================================================================
Received Prepare
Reloading mono domain
Begin MonoManager ReloadAssembly
Registering precompiled unity dll's ...
Register platform support module: C:/Unity/2020.1.8f1/Editor/Data/PlaybackEngines/WindowsStandaloneSupport/UnityEditor.WindowsStandalone.Extensions.dll
Registered in 0.001102 seconds.
Symbol file LoadedFromMemory doesn't match image D:\Documents\_Projects_FAT\Client-Side-Prediction\Library\PackageCache\com.unity.ext.nunit@1.0.0\net35\unity-custom\nunit.framework.dll
Native extension for WindowsStandalone target not found
Refreshing native plugins compatible for Editor in 23.95 ms, found 0 plugins.
Preloading 0 native plugins for Editor in 0.00 ms.
Mono: successfully reloaded assembly
- Completed reload, in  1.061 seconds
Registering precompiled user dll's ...
Registered in 0.052376 seconds.
Platform modules already initialized, skipping
Begin MonoManager ReloadAssembly
Symbol file LoadedFromMemory doesn't match image D:\Documents\_Projects_FAT\Client-Side-Prediction\Library\PackageCache\com.unity.ext.nunit@1.0.0\net35\unity-custom\nunit.framework.dll
Native extension for WindowsStandalone target not found
Refreshing native plugins compatible for Editor in 0.26 ms, found 0 plugins.
Preloading 0 native plugins for Editor in 0.00 ms.
Mono: successfully reloaded assembly
- Completed reload, in  1.032 seconds
Platform modules already initialized, skipping
Refreshing native plugins compatible for Editor in 0.13 ms, found 0 plugins.
Preloading 0 native plugins for Editor in 0.00 ms.
Unloading 10 Unused Serialized files (Serialized files now loaded: 0)
System memory in use before: 38.8 MB.
System memory in use after: 38.9 MB.

Unloading 9 unused Assets to reduce memory usage. Loaded Objects now: 1908.
Total: 1.210800 ms (FindLiveObjects: 0.180600 ms CreateObjectMapping: 0.023100 ms MarkObjects: 0.996900 ms  DeleteObjects: 0.009900 ms)

========================================================================
Received Prepare
Refreshing native plugins compatible for Editor in 1.43 ms, found 0 plugins.
Preloading 0 native plugins for Editor in 0.00 ms.
Unloading 7 Unused Serialized files (Serialized files now loaded: 0)
System memory in use before: 38.4 MB.
System memory in use after: 38.5 MB.

Unloading 7 unused Assets to reduce memory usage. Loaded Objects now: 1908.
Total: 1.322000 ms (FindLiveObjects: 0.274400 ms CreateObjectMapping: 0.023600 ms MarkObjects: 1.015900 ms  DeleteObjects: 0.007700 ms)

========================================================================
Received Prepare
Reloading mono domain
Begin MonoManager ReloadAssembly
Registering precompiled unity dll's ...
Register platform support module: C:/Unity/2020.1.8f1/Editor/Data/PlaybackEngines/WindowsStandaloneSupport/UnityEditor.WindowsStandalone.Extensions.dll
Registered in 0.001318 seconds.
Symbol file LoadedFromMemory doesn't match image D:\Documents\_Projects_FAT\Client-Side-Prediction\Library\PackageCache\com.unity.ext.nunit@1.0.0\net35\unity-custom\nunit.framework.dll
Native extension for WindowsStandalone target not found
Refreshing native plugins compatible for Editor in 24.49 ms, found 0 plugins.
Preloading 0 native plugins for Editor in 0.00 ms.
Mono: successfully reloaded assembly
- Completed reload, in  1.216 seconds
Registering precompiled user dll's ...
Registered in 0.059337 seconds.
Platform modules already initialized, skipping
Begin MonoManager ReloadAssembly
Symbol file LoadedFromMemory doesn't match image D:\Documents\_Projects_FAT\Client-Side-Prediction\Library\PackageCache\com.unity.ext.nunit@1.0.0\net35\unity-custom\nunit.framework.dll
Native extension for WindowsStandalone target not found
Refreshing native plugins compatible for Editor in 0.25 ms, found 0 plugins.
Preloading 0 native plugins for Editor in 0.00 ms.
Mono: successfully reloaded assembly
- Completed reload, in  1.074 seconds
Platform modules already initialized, skipping
Refreshing native plugins compatible for Editor in 0.13 ms, found 0 plugins.
Preloading 0 native plugins for Editor in 0.00 ms.
Unloading 10 Unused Serialized files (Serialized files now loaded: 0)
System memory in use before: 38.8 MB.
System memory in use after: 38.9 MB.

Unloading 9 unused Assets to reduce memory usage. Loaded Objects now: 1912.
Total: 1.278800 ms (FindLiveObjects: 0.225000 ms CreateObjectMapping: 0.023400 ms MarkObjects: 1.020200 ms  DeleteObjects: 0.009800 ms)

========================================================================
Received Prepare
Reloading mono domain
Begin MonoManager ReloadAssembly
Registering precompiled unity dll's ...
Register platform support module: C:/Unity/2020.1.8f1/Editor/Data/PlaybackEngines/WindowsStandaloneSupport/UnityEditor.WindowsStandalone.Extensions.dll
Registered in 0.001113 seconds.
Symbol file LoadedFromMemory doesn't match image D:\Documents\_Projects_FAT\Client-Side-Prediction\Library\PackageCache\com.unity.ext.nunit@1.0.0\net35\unity-custom\nunit.framework.dll
Native extension for WindowsStandalone target not found
Refreshing native plugins compatible for Editor in 24.03 ms, found 0 plugins.
Preloading 0 native plugins for Editor in 0.00 ms.
Mono: successfully reloaded assembly
- Completed reload, in  1.116 seconds
Registering precompiled user dll's ...
Registered in 0.052115 seconds.
Platform modules already initialized, skipping
Begin MonoManager ReloadAssembly
Symbol file LoadedFromMemory doesn't match image D:\Documents\_Projects_FAT\Client-Side-Prediction\Library\PackageCache\com.unity.ext.nunit@1.0.0\net35\unity-custom\nunit.framework.dll
Native extension for WindowsStandalone target not found
Refreshing native plugins compatible for Editor in 0.25 ms, found 0 plugins.
Preloading 0 native plugins for Editor in 0.00 ms.
Mono: successfully reloaded assembly
- Completed reload, in  1.075 seconds
Platform modules already initialized, skipping
Refreshing native plugins compatible for Editor in 0.13 ms, found 0 plugins.
Preloading 0 native plugins for Editor in 0.00 ms.
Unloading 10 Unused Serialized files (Serialized files now loaded: 0)
System memory in use before: 38.8 MB.
System memory in use after: 38.9 MB.

Unloading 9 unused Assets to reduce memory usage. Loaded Objects now: 1916.
Total: 1.319100 ms (FindLiveObjects: 0.268600 ms CreateObjectMapping: 0.024100 ms MarkObjects: 1.016100 ms  DeleteObjects: 0.010100 ms)

========================================================================
Received Import Request.
  Time since last request: 1197.201754 seconds.
  path: Assets/_GiosNetworking/Rigidbody/Client_Rigidbody.prefab
  artifactKey: Guid(31c50e1f3489a5846854e542326281d3) Importer(2089858483,3291a93977bff14cd8133371a99a42d2)
Start importing Assets/_GiosNetworking/Rigidbody/Client_Rigidbody.prefab using Guid(31c50e1f3489a5846854e542326281d3) Importer(2089858483,3291a93977bff14cd8133371a99a42d2) 
Generated asset (ASIEI01) VirtualArtifacts/NamedExtra/26d1ad4dd77474c44bb4aba7d15c8389.asset.1.index for Assets/_GiosNetworking/Rigidbody/Client_Rigidbody.prefab with Types
 -> (target hash: '2fd5ee2880e986fe87202e72b2b5eb94') in 0.043864 seconds
  Import took 0.046473 seconds .

========================================================================
Received Prepare
Reloading mono domain
Begin MonoManager ReloadAssembly
Registering precompiled unity dll's ...
Register platform support module: C:/Unity/2020.1.8f1/Editor/Data/PlaybackEngines/WindowsStandaloneSupport/UnityEditor.WindowsStandalone.Extensions.dll
Registered in 0.001111 seconds.
Symbol file LoadedFromMemory doesn't match image D:\Documents\_Projects_FAT\Client-Side-Prediction\Library\PackageCache\com.unity.ext.nunit@1.0.0\net35\unity-custom\nunit.framework.dll
Native extension for WindowsStandalone target not found
Refreshing native plugins compatible for Editor in 24.32 ms, found 0 plugins.
Preloading 0 native plugins for Editor in 0.00 ms.
Mono: successfully reloaded assembly
- Completed reload, in  1.139 seconds
Registering precompiled user dll's ...
Registered in 0.051805 seconds.
Platform modules already initialized, skipping
Begin MonoManager ReloadAssembly
Symbol file LoadedFromMemory doesn't match image D:\Documents\_Projects_FAT\Client-Side-Prediction\Library\PackageCache\com.unity.ext.nunit@1.0.0\net35\unity-custom\nunit.framework.dll
Native extension for WindowsStandalone target not found
Refreshing native plugins compatible for Editor in 0.25 ms, found 0 plugins.
Preloading 0 native plugins for Editor in 0.00 ms.
Mono: successfully reloaded assembly
- Completed reload, in  1.097 seconds
Platform modules already initialized, skipping
Refreshing native plugins compatible for Editor in 0.13 ms, found 0 plugins.
Preloading 0 native plugins for Editor in 0.00 ms.
Unloading 10 Unused Serialized files (Serialized files now loaded: 0)
System memory in use before: 38.8 MB.
System memory in use after: 38.9 MB.

Unloading 9 unused Assets to reduce memory usage. Loaded Objects now: 1920.
Total: 1.485800 ms (FindLiveObjects: 0.347300 ms CreateObjectMapping: 0.027200 ms MarkObjects: 1.099800 ms  DeleteObjects: 0.010800 ms)

========================================================================
Received Prepare
Refreshing native plugins compatible for Editor in 1.49 ms, found 0 plugins.
Preloading 0 native plugins for Editor in 0.00 ms.
Unloading 7 Unused Serialized files (Serialized files now loaded: 0)
System memory in use before: 38.4 MB.
System memory in use after: 38.5 MB.

Unloading 7 unused Assets to reduce memory usage. Loaded Objects now: 1920.
Total: 1.522500 ms (FindLiveObjects: 0.320800 ms CreateObjectMapping: 0.023400 ms MarkObjects: 1.166200 ms  DeleteObjects: 0.011600 ms)

========================================================================
Received Prepare
Reloading mono domain
Begin MonoManager ReloadAssembly
Registering precompiled unity dll's ...
Register platform support module: C:/Unity/2020.1.8f1/Editor/Data/PlaybackEngines/WindowsStandaloneSupport/UnityEditor.WindowsStandalone.Extensions.dll
Registered in 0.001220 seconds.
Symbol file LoadedFromMemory doesn't match image D:\Documents\_Projects_FAT\Client-Side-Prediction\Library\PackageCache\com.unity.ext.nunit@1.0.0\net35\unity-custom\nunit.framework.dll
Native extension for WindowsStandalone target not found
Refreshing native plugins compatible for Editor in 26.28 ms, found 0 plugins.
Preloading 0 native plugins for Editor in 0.00 ms.
Mono: successfully reloaded assembly
- Completed reload, in  1.271 seconds
Registering precompiled user dll's ...
Registered in 0.056500 seconds.
Platform modules already initialized, skipping
Begin MonoManager ReloadAssembly
Symbol file LoadedFromMemory doesn't match image D:\Documents\_Projects_FAT\Client-Side-Prediction\Library\PackageCache\com.unity.ext.nunit@1.0.0\net35\unity-custom\nunit.framework.dll
Native extension for WindowsStandalone target not found
Refreshing native plugins compatible for Editor in 0.26 ms, found 0 plugins.
Preloading 0 native plugins for Editor in 0.00 ms.
Mono: successfully reloaded assembly
- Completed reload, in  1.142 seconds
Platform modules already initialized, skipping
Refreshing native plugins compatible for Editor in 0.13 ms, found 0 plugins.
Preloading 0 native plugins for Editor in 0.00 ms.
Unloading 10 Unused Serialized files (Serialized files now loaded: 0)
System memory in use before: 38.8 MB.
System memory in use after: 38.9 MB.

Unloading 9 unused Assets to reduce memory usage. Loaded Objects now: 1924.
Total: 1.247600 ms (FindLiveObjects: 0.186100 ms CreateObjectMapping: 0.022800 ms MarkObjects: 1.028400 ms  DeleteObjects: 0.009900 ms)

========================================================================
Received Prepare
Reloading mono domain
Begin MonoManager ReloadAssembly
Registering precompiled unity dll's ...
Register platform support module: C:/Unity/2020.1.8f1/Editor/Data/PlaybackEngines/WindowsStandaloneSupport/UnityEditor.WindowsStandalone.Extensions.dll
Registered in 0.001089 seconds.
Symbol file LoadedFromMemory doesn't match image D:\Documents\_Projects_FAT\Client-Side-Prediction\Library\PackageCache\com.unity.ext.nunit@1.0.0\net35\unity-custom\nunit.framework.dll
Native extension for WindowsStandalone target not found
Refreshing native plugins compatible for Editor in 24.10 ms, found 0 plugins.
Preloading 0 native plugins for Editor in 0.00 ms.
Mono: successfully reloaded assembly
- Completed reload, in  1.185 seconds
Registering precompiled user dll's ...
Registered in 0.053370 seconds.
Platform modules already initialized, skipping
Begin MonoManager ReloadAssembly
Symbol file LoadedFromMemory doesn't match image D:\Documents\_Projects_FAT\Client-Side-Prediction\Library\PackageCache\com.unity.ext.nunit@1.0.0\net35\unity-custom\nunit.framework.dll
Native extension for WindowsStandalone target not found
Refreshing native plugins compatible for Editor in 0.25 ms, found 0 plugins.
Preloading 0 native plugins for Editor in 0.00 ms.
Mono: successfully reloaded assembly
- Completed reload, in  1.182 seconds
Platform modules already initialized, skipping
Refreshing native plugins compatible for Editor in 0.13 ms, found 0 plugins.
Preloading 0 native plugins for Editor in 0.00 ms.
Unloading 10 Unused Serialized files (Serialized files now loaded: 0)
System memory in use before: 38.8 MB.
System memory in use after: 38.9 MB.

Unloading 9 unused Assets to reduce memory usage. Loaded Objects now: 1928.
Total: 1.340800 ms (FindLiveObjects: 0.274700 ms CreateObjectMapping: 0.024100 ms MarkObjects: 1.031500 ms  DeleteObjects: 0.010100 ms)

AssetImportWorkerClient::OnTransportError - code=2 error=End of file
