[Licensing::Module] Successfully connected to LicensingClient on channel: "LicenseClient-gizam" (connect: 0.02s, validation: 0.01s, handshake: 2.48s)
Entitlement-based licensing initiated
[LicensingClient] Licenses updated successfully

LICENSE SYSTEM [202118 12:48:51] Next license update check is after 2020-09-21T15:23:03


LICENSE SYSTEM [202118 12:48:51] Current license is already valid and activated. Skipping license activation process (Provided username/password will be ignored).
Built from '2020.1/staging' branch; Version is '2020.1.17f1 (9957aee8edc2) revision 10049454'; Using compiler version '192227905'; Build Type 'Release'
OS: 'Windows 10  (10.0.0) 64bit' Language: 'en' Physical Memory: 16332 MB
[Licensing::Module] Serial number assigned to: "F4-ZWRR-CPRZ-S6CS-V8UX-XXXX"
BatchMode: 1, IsHumanControllingUs: 0, StartBugReporterOnCrash: 0, Is64bit: 1, IsPro: 0

 COMMAND LINE ARGUMENTS:
C:\Unity\2020.1.17f1\Editor\Unity.exe
-adb2
-batchMode
-noUpm
-name
AssetImportWorker0
-projectPath
D:/Documents/_Projects_FAT/Client-Side-Prediction
-logFile
Logs/AssetImportWorker0.log
-srvPort
50571
Successfully changed project path to: D:/Documents/_Projects_FAT/Client-Side-Prediction
D:/Documents/_Projects_FAT/Client-Side-Prediction
Using Asset Import Pipeline V2.
Refreshing native plugins compatible for Editor in 57.74 ms, found 0 plugins.
Preloading 0 native plugins for Editor in 0.00 ms.
Initialize engine version: 2020.1.17f1 (9957aee8edc2)
[Subsystems] Discovering subsystems at path C:/Unity/2020.1.17f1/Editor/Data/Resources/UnitySubsystems
[Subsystems] Discovering subsystems at path D:/Documents/_Projects_FAT/Client-Side-Prediction/Assets
GfxDevice: creating device client; threaded=0
Direct3D:
    Version:  Direct3D 11.0 [level 11.1]
    Renderer: NVIDIA GeForce RTX 2070 (ID=0x1f02)
    Vendor:   
    VRAM:     8031 MB
    Driver:   27.21.14.6079
Initialize mono
Mono path[0] = 'C:/Unity/2020.1.17f1/Editor/Data/Managed'
Mono path[1] = 'C:/Unity/2020.1.17f1/Editor/Data/MonoBleedingEdge/lib/mono/unityjit'
Mono config path = 'C:/Unity/2020.1.17f1/Editor/Data/MonoBleedingEdge/etc'
Using monoOptions --debugger-agent=transport=dt_socket,embedding=1,server=y,suspend=n,address=127.0.0.1:56692
Begin MonoManager ReloadAssembly
Registering precompiled unity dll's ...
Register platform support module: C:/Unity/2020.1.17f1/Editor/Data/PlaybackEngines/WindowsStandaloneSupport/UnityEditor.WindowsStandalone.Extensions.dll
Registered in 0.004172 seconds.
Native extension for WindowsStandalone target not found
Refreshing native plugins compatible for Editor in 42.06 ms, found 0 plugins.
Preloading 0 native plugins for Editor in 0.00 ms.
Mono: successfully reloaded assembly
- Completed reload, in  1.689 seconds
Registering precompiled user dll's ...
Registered in 0.113250 seconds.
Platform modules already initialized, skipping
Begin MonoManager ReloadAssembly
Native extension for WindowsStandalone target not found
Refreshing native plugins compatible for Editor in 56.14 ms, found 0 plugins.
Preloading 0 native plugins for Editor in 0.00 ms.
Find all reader and writers took 98 milliseconds
Script Module: UnityEngine.TestRunner.dll
Weave sync objects took 14 milliseconds
Weave behaviours and messages took85 milliseconds
Find all reader and writers took 80 milliseconds
Script Module: UnityEngine.UI.dll
Weave sync objects took 11 milliseconds
Weave behaviours and messages took92 milliseconds
Find all reader and writers took 71 milliseconds
Script Module: Unity.TextMeshPro.dll
Weave sync objects took 26 milliseconds
Weave behaviours and messages took188 milliseconds
Find all reader and writers took 67 milliseconds
Script Module: Unity.Timeline.dll
Weave sync objects took 5 milliseconds
Weave behaviours and messages took51 milliseconds
Find all reader and writers took 81 milliseconds
Script Module: Telepathy.dll
Weave sync objects took 0 milliseconds
Weave behaviours and messages took4 milliseconds
Find all reader and writers took 72 milliseconds
Script Module: Mirror.Websocket.dll
Weave sync objects took 5 milliseconds
Weave behaviours and messages took11 milliseconds
Find all reader and writers took 85 milliseconds
Script Module: Mirror.Cloud.dll
Weave sync objects took 14 milliseconds
Weave behaviours and messages took19 milliseconds
Find all reader and writers took 68 milliseconds
Script Module: Mirror.Components.dll
Weave sync objects took 10 milliseconds
[NetworkAnimator] NetworkBehaviourProcessor
[NetworkRoomPlayer] NetworkBehaviourProcessor
[NetworkLobbyPlayer] NetworkBehaviourProcessor
[NetworkVisibility] NetworkBehaviourProcessor
[NetworkVisibility] Found NetworkBehaviour Mirror.NetworkVisibility
[NetworkVisibility] Process Start
[NetworkVisibility]   GenerateSerialization
[NetworkVisibility]   GenerateDeSerialization
[NetworkVisibility] Process Done
[NetworkMatchChecker] NetworkBehaviourProcessor
[NetworkVisibility] NetworkBehaviourProcessor
[NetworkProximityChecker] NetworkBehaviourProcessor
[NetworkRoomPlayer] NetworkBehaviourProcessor
[NetworkVisibility] NetworkBehaviourProcessor
[NetworkSceneChecker] NetworkBehaviourProcessor
[NetworkTransformBase] NetworkBehaviourProcessor
[NetworkTransform] NetworkBehaviourProcessor
[NetworkTransformBase] NetworkBehaviourProcessor
[NetworkTransformBase] NetworkBehaviourProcessor
[NetworkTransformChild] NetworkBehaviourProcessor
[NetworkLerpRigidbody] NetworkBehaviourProcessor
[NetworkRigidbody] NetworkBehaviourProcessor
[NetworkTransformBase] NetworkBehaviourProcessor
[NetworkTransform] NetworkBehaviourProcessor
[NetworkTransformBase] NetworkBehaviourProcessor
[NetworkTransformBase] NetworkBehaviourProcessor
[NetworkTransformChild] NetworkBehaviourProcessor
[MessageBase] MessageClassProcessor Start
[MessageBase]   GenerateSerialization
[MessageBase]   GenerateDeserialization
[MessageBase] MessageClassProcessor Done
[ServerRequest] MessageClassProcessor Start
[ServerRequest]   GenerateSerialization
[ServerRequest]   GenerateDeserialization
[ServerRequest] MessageClassProcessor Done
[ServerResponse] MessageClassProcessor Start
[ServerResponse]   GenerateSerialization
[ServerResponse]   GenerateDeserialization
[ServerResponse] MessageClassProcessor Done
Weave behaviours and messages took46 milliseconds
  ProcessSitesModule Mirror.Components.dll elapsed time:00:00:00.0130026
Find all reader and writers took 92 milliseconds
Script Module: Assembly-CSharp.dll
Weave sync objects took 15 milliseconds
[NetworkedRigidbodyMessenger] NetworkBehaviourProcessor
[CharacterControllerMessenger] NetworkBehaviourProcessor
Weave behaviours and messages took43 milliseconds
Find all reader and writers took 76 milliseconds
Script Module: Ninja.WebSockets.dll
Weave sync objects took 0 milliseconds
Weave behaviours and messages took15 milliseconds
Find all reader and writers took 75 milliseconds
Script Module: Mirror.Examples.dll
Weave sync objects took 14 milliseconds
[Projectile] NetworkBehaviourProcessor
[Tank] NetworkBehaviourProcessor
[NetworkRoomPlayer] NetworkBehaviourProcessor
[NetworkRoomPlayerExt] NetworkBehaviourProcessor
[PlayerController] NetworkBehaviourProcessor
[PlayerScore] NetworkBehaviourProcessor
[RandomColor] NetworkBehaviourProcessor
[Reward] NetworkBehaviourProcessor
[Spawner] NetworkBehaviourProcessor
[Ball] NetworkBehaviourProcessor
[Player] NetworkBehaviourProcessor
[PhysicsCollision] NetworkBehaviourProcessor
[PlayerController] NetworkBehaviourProcessor
[PlayerScore] NetworkBehaviourProcessor
[RandomColor] NetworkBehaviourProcessor
[Reward] NetworkBehaviourProcessor
[Spawner] NetworkBehaviourProcessor
[MessageBase] MessageClassProcessor Start
[MessageBase]   GenerateSerialization
[MessageBase]   GenerateDeserialization
[MessageBase] MessageClassProcessor Done
[CreatePlayerMessage] MessageClassProcessor Start
[CreatePlayerMessage]   GenerateSerialization
[CreatePlayerMessage]   GenerateDeserialization
[CreatePlayerMessage] MessageClassProcessor Done
[Player] NetworkBehaviourProcessor
[MonsterMovement] NetworkBehaviourProcessor
[PlayerMovement] NetworkBehaviourProcessor
[Player] NetworkBehaviourProcessor
[PlayerController] NetworkBehaviourProcessor
[RandomColor] NetworkBehaviourProcessor
[ShootingTankBehaviour] NetworkBehaviourProcessor
[ZoneHandler] NetworkBehaviourProcessor
Weave behaviours and messages took26 milliseconds
  ProcessSitesModule Mirror.Examples.dll elapsed time:00:00:00.0010001
Find all reader and writers took 71 milliseconds
Script Module: Mirror.Examples.Cloud.GUI.dll
Weave sync objects took 6 milliseconds
Weave behaviours and messages took10 milliseconds
Find all reader and writers took 81 milliseconds
Script Module: Mirror.Examples.Cloud.Pong.dll
Weave sync objects took 12 milliseconds
[Ball] NetworkBehaviourProcessor
[BallManager] NetworkBehaviourProcessor
[Player] NetworkBehaviourProcessor
Weave behaviours and messages took14 milliseconds
  ProcessSitesModule Mirror.Examples.Cloud.Pong.dll elapsed time:00:00:00
Find all reader and writers took 76 milliseconds
Script Module: Mirror.Authenticators.dll
Weave sync objects took 5 milliseconds
[MessageBase] MessageClassProcessor Start
[MessageBase]   GenerateSerialization
[MessageBase]   GenerateDeserialization
[MessageBase] MessageClassProcessor Done
[AuthRequestMessage] MessageClassProcessor Start
[AuthRequestMessage]   GenerateSerialization
[AuthRequestMessage]   GenerateDeserialization
[AuthRequestMessage] MessageClassProcessor Done
[AuthResponseMessage] MessageClassProcessor Start
[AuthResponseMessage]   GenerateSerialization
[AuthResponseMessage]   GenerateDeserialization
[AuthResponseMessage] MessageClassProcessor Done
Weave behaviours and messages took7 milliseconds
  ProcessSitesModule Mirror.Authenticators.dll elapsed time:00:00:00.0009994
Find all reader and writers took 64 milliseconds
Script Module: Mirror.example.RigidbodyPhysics.dll
Weave sync objects took 5 milliseconds
[AddForce] NetworkBehaviourProcessor
Weave behaviours and messages took6 milliseconds
Find all reader and writers took 76 milliseconds
Script Module: UnityEditor.TestRunner.dll
Weave sync objects took 29 milliseconds
Weave behaviours and messages took67 milliseconds
Find all reader and writers took 72 milliseconds
Script Module: com.unity.quicksearch.dll
Weave sync objects took 30 milliseconds
Weave behaviours and messages took190 milliseconds
Find all reader and writers took 73 milliseconds
Script Module: UnityEditor.UI.dll
Weave sync objects took 19 milliseconds
Weave behaviours and messages took31 milliseconds
Find all reader and writers took 67 milliseconds
Script Module: Mirror.CompilerSymbols.dll
Weave sync objects took 0 milliseconds
Weave behaviours and messages took0 milliseconds
Mono: successfully reloaded assembly
- Completed reload, in  6.435 seconds
Platform modules already initialized, skipping
========================================================================
Worker process is ready to serve import requests
Refreshing native plugins compatible for Editor in 0.25 ms, found 0 plugins.
Preloading 0 native plugins for Editor in 0.00 ms.
Unloading 1453 Unused Serialized files (Serialized files now loaded: 0)
System memory in use before: 66.3 MB.
System memory in use after: 66.2 MB.

Unloading 14 unused Assets to reduce memory usage. Loaded Objects now: 1848.
Total: 6.077500 ms (FindLiveObjects: 0.457100 ms CreateObjectMapping: 0.054500 ms MarkObjects: 5.464800 ms  DeleteObjects: 0.095500 ms)

========================================================================
Received Import Request.
  path: Assets/_GiosNetworking/Scripts/NetworkedClient/INetworkedClient.cs
  artifactKey: Guid(e21140e5feed46f69eff546fde23771a) Importer(2089858483,3291a93977bff14cd8133371a99a42d2)
Start importing Assets/_GiosNetworking/Scripts/NetworkedClient/INetworkedClient.cs using Guid(e21140e5feed46f69eff546fde23771a) Importer(2089858483,3291a93977bff14cd8133371a99a42d2) 
Generated asset (ASIEI01) VirtualArtifacts/NamedExtra/ab2bbb49d7754e94496349cd0653ac77.asset.1.index for Assets/_GiosNetworking/Scripts/NetworkedClient/INetworkedClient.cs with Types
 -> (target hash: '513e2cc6eaef028d5afb11dbf0475a72') in 0.090783 seconds
  Import took 0.096338 seconds .

========================================================================
Received Import Request.
  Time since last request: 0.000371 seconds.
  path: Assets/_GiosNetworking/Scripts/NetworkedClient/Rigidbody/RigidbodyPrediction.cs
  artifactKey: Guid(db4516b666894ea5b329d919c846a060) Importer(2089858483,3291a93977bff14cd8133371a99a42d2)
Start importing Assets/_GiosNetworking/Scripts/NetworkedClient/Rigidbody/RigidbodyPrediction.cs using Guid(db4516b666894ea5b329d919c846a060) Importer(2089858483,3291a93977bff14cd8133371a99a42d2) 
Generated asset (ASIEI01) VirtualArtifacts/NamedExtra/38231a9a152b2e6428550396f91b4022.asset.1.index for Assets/_GiosNetworking/Scripts/NetworkedClient/Rigidbody/RigidbodyPrediction.cs with Types
 -> (target hash: '9d32f045586414d1d1cc7b58492137ac') in 0.006041 seconds
  Import took 0.011035 seconds .

========================================================================
Received Import Request.
  Time since last request: 0.000598 seconds.
  path: Assets/_GiosNetworking/Scripts/NetworkedClient/Rigidbody/RigidbodyState.cs
  artifactKey: Guid(31d654c2dc0645e4b61a930321872eef) Importer(2089858483,3291a93977bff14cd8133371a99a42d2)
Start importing Assets/_GiosNetworking/Scripts/NetworkedClient/Rigidbody/RigidbodyState.cs using Guid(31d654c2dc0645e4b61a930321872eef) Importer(2089858483,3291a93977bff14cd8133371a99a42d2) 
Generated asset (ASIEI01) VirtualArtifacts/NamedExtra/0c36f2d2c682c14478e585f1dd71140d.asset.1.index for Assets/_GiosNetworking/Scripts/NetworkedClient/Rigidbody/RigidbodyState.cs with Types
 -> (target hash: '62bd9e1385824fb54a57041a0617f5e0') in 0.007071 seconds
  Import took 0.011663 seconds .

========================================================================
Received Import Request.
  Time since last request: 0.000750 seconds.
  path: Assets/_GiosNetworking/Rigidbody/Client_Rigidbody.prefab
  artifactKey: Guid(31c50e1f3489a5846854e542326281d3) Importer(2089858483,3291a93977bff14cd8133371a99a42d2)
Start importing Assets/_GiosNetworking/Rigidbody/Client_Rigidbody.prefab using Guid(31c50e1f3489a5846854e542326281d3) Importer(2089858483,3291a93977bff14cd8133371a99a42d2) 
Generated asset (ASIEI01) VirtualArtifacts/NamedExtra/0fafc34aae76a3c4aa2c5f2c4940d035.asset.1.index for Assets/_GiosNetworking/Rigidbody/Client_Rigidbody.prefab with Types
 -> (target hash: 'a6428c3888fc1ba2dfbf36b499f5393f') in 0.008826 seconds
  Import took 0.013312 seconds .

========================================================================
Received Import Request.
  Time since last request: 0.000934 seconds.
  path: Assets/_GiosNetworking/Scripts/NetworkedClient/Rigidbody/RigidbodyInput.cs
  artifactKey: Guid(227ac0790f7d4552bb9bdfc5d3735d13) Importer(2089858483,3291a93977bff14cd8133371a99a42d2)
Start importing Assets/_GiosNetworking/Scripts/NetworkedClient/Rigidbody/RigidbodyInput.cs using Guid(227ac0790f7d4552bb9bdfc5d3735d13) Importer(2089858483,3291a93977bff14cd8133371a99a42d2) 
Generated asset (ASIEI01) VirtualArtifacts/NamedExtra/0c0bcce2207670f479dd737120998b3d.asset.1.index for Assets/_GiosNetworking/Scripts/NetworkedClient/Rigidbody/RigidbodyInput.cs with Types
 -> (target hash: '59628161646b0ba1389b04bc14564ebe') in 0.006074 seconds
  Import took 0.012044 seconds .

========================================================================
Received Import Request.
  Time since last request: 0.002429 seconds.
  path: Assets/rbposTest.cs
  artifactKey: Guid(7bda4f350621a774e82036a165a19a63) Importer(2089858483,3291a93977bff14cd8133371a99a42d2)
Start importing Assets/rbposTest.cs using Guid(7bda4f350621a774e82036a165a19a63) Importer(2089858483,3291a93977bff14cd8133371a99a42d2) 
Generated asset (ASIEI01) VirtualArtifacts/NamedExtra/7182f9b36e454214abefcee9ccf8f116.asset.1.index for Assets/rbposTest.cs with Types
 -> (target hash: '4fc068e7b92d188553c9713c5482eb1c') in 0.007546 seconds
  Import took 0.012414 seconds .

========================================================================
Received Import Request.
  Time since last request: 0.001507 seconds.
  path: Assets/_GiosNetworking/Scripts/NetworkedClient/INetworkedClientInput.cs
  artifactKey: Guid(2948701dc9704c2989a4fa25fcdad31c) Importer(2089858483,3291a93977bff14cd8133371a99a42d2)
Start importing Assets/_GiosNetworking/Scripts/NetworkedClient/INetworkedClientInput.cs using Guid(2948701dc9704c2989a4fa25fcdad31c) Importer(2089858483,3291a93977bff14cd8133371a99a42d2) 
Generated asset (ASIEI01) VirtualArtifacts/NamedExtra/017072c763ae7cf4eadcf19036db44ec.asset.1.index for Assets/_GiosNetworking/Scripts/NetworkedClient/INetworkedClientInput.cs with Types
 -> (target hash: 'f68b0f9327dac2d42027c3efb7eae4c7') in 0.005949 seconds
  Import took 0.011197 seconds .

========================================================================
Received Import Request.
  Time since last request: 0.000828 seconds.
  path: Assets/_GiosNetworking/Scripts/NetworkedClient/INetworkedClientMessenger.cs
  artifactKey: Guid(415d0525c1324ed6abdf597aaf3d8363) Importer(2089858483,3291a93977bff14cd8133371a99a42d2)
Start importing Assets/_GiosNetworking/Scripts/NetworkedClient/INetworkedClientMessenger.cs using Guid(415d0525c1324ed6abdf597aaf3d8363) Importer(2089858483,3291a93977bff14cd8133371a99a42d2) 
Generated asset (ASIEI01) VirtualArtifacts/NamedExtra/25c7adafe476da74ea948dc20a2b2b94.asset.1.index for Assets/_GiosNetworking/Scripts/NetworkedClient/INetworkedClientMessenger.cs with Types
 -> (target hash: 'b2be56cf65af9551fe3ecf5cfc0fd42b') in 0.013035 seconds
  Import took 0.019774 seconds .

========================================================================
Received Import Request.
  Time since last request: 0.001788 seconds.
  path: Assets/_GiosNetworking/Scripts/NetworkedClient/CharacterController/NetworkedCharacterController.cs
  artifactKey: Guid(37e3b4a8791ad464b9cf482cc56069ac) Importer(2089858483,3291a93977bff14cd8133371a99a42d2)
Start importing Assets/_GiosNetworking/Scripts/NetworkedClient/CharacterController/NetworkedCharacterController.cs using Guid(37e3b4a8791ad464b9cf482cc56069ac) Importer(2089858483,3291a93977bff14cd8133371a99a42d2) 
Generated asset (ASIEI01) VirtualArtifacts/NamedExtra/673d30481e359f7478fae155c617c38b.asset.1.index for Assets/_GiosNetworking/Scripts/NetworkedClient/CharacterController/NetworkedCharacterController.cs with Types
 -> (target hash: '246190cd07269313c081c0a1a8f69f64') in 0.007178 seconds
  Import took 0.012344 seconds .

========================================================================
Received Import Request.
  Time since last request: 0.002513 seconds.
  path: Assets/_GiosNetworking/Scripts/NetworkedClient/CharacterController/CharacterControllerPrediction.cs
  artifactKey: Guid(4ad5acedb90a4b44ba3b93801eab71bb) Importer(2089858483,3291a93977bff14cd8133371a99a42d2)
Start importing Assets/_GiosNetworking/Scripts/NetworkedClient/CharacterController/CharacterControllerPrediction.cs using Guid(4ad5acedb90a4b44ba3b93801eab71bb) Importer(2089858483,3291a93977bff14cd8133371a99a42d2) 
Generated asset (ASIEI01) VirtualArtifacts/NamedExtra/0050c0d47261d5344809dd466e9e396a.asset.1.index for Assets/_GiosNetworking/Scripts/NetworkedClient/CharacterController/CharacterControllerPrediction.cs with Types
 -> (target hash: '9ef7b505791e20ef45fa25bf09e2c430') in 0.006416 seconds
  Import took 0.012374 seconds .

========================================================================
Received Import Request.
  Time since last request: 0.000534 seconds.
  path: Assets/_GiosNetworking/Scripts/NetworkedClient/NetworkedClientGUI.cs
  artifactKey: Guid(a04813ac4c9f45deb1c881e86bca78ad) Importer(2089858483,3291a93977bff14cd8133371a99a42d2)
Start importing Assets/_GiosNetworking/Scripts/NetworkedClient/NetworkedClientGUI.cs using Guid(a04813ac4c9f45deb1c881e86bca78ad) Importer(2089858483,3291a93977bff14cd8133371a99a42d2) 
Generated asset (ASIEI01) VirtualArtifacts/NamedExtra/dc1166793b2caf649a3917cfd4d0b168.asset.1.index for Assets/_GiosNetworking/Scripts/NetworkedClient/NetworkedClientGUI.cs with Types
 -> (target hash: '2dec53b7f188d4a89b9522dd824f326d') in 0.010248 seconds
  Import took 0.018188 seconds .

========================================================================
Received Import Request.
  Time since last request: 0.000440 seconds.
  path: Assets/_GiosNetworking/Scripts/NetworkedClient/NetworkedClient.cs
  artifactKey: Guid(8949bcd0739d3f64b9db6fa3994153ac) Importer(2089858483,3291a93977bff14cd8133371a99a42d2)
Start importing Assets/_GiosNetworking/Scripts/NetworkedClient/NetworkedClient.cs using Guid(8949bcd0739d3f64b9db6fa3994153ac) Importer(2089858483,3291a93977bff14cd8133371a99a42d2) 
Generated asset (ASIEI01) VirtualArtifacts/NamedExtra/f7e6ab479076e704794b42b65e27a7cf.asset.1.index for Assets/_GiosNetworking/Scripts/NetworkedClient/NetworkedClient.cs with Types
 -> (target hash: '6bf71fdcb69e80ef7d57c3c6e2d5f0f2') in 0.007993 seconds
  Import took 0.012998 seconds .

========================================================================
Received Import Request.
  Time since last request: 0.001352 seconds.
  path: Assets/_GiosNetworking/Scripts/NetworkedClient/CharacterController/CharacterControllerInput.cs
  artifactKey: Guid(6c65cee6209941e9b39f456da5f3ffd0) Importer(2089858483,3291a93977bff14cd8133371a99a42d2)
Start importing Assets/_GiosNetworking/Scripts/NetworkedClient/CharacterController/CharacterControllerInput.cs using Guid(6c65cee6209941e9b39f456da5f3ffd0) Importer(2089858483,3291a93977bff14cd8133371a99a42d2) 
Generated asset (ASIEI01) VirtualArtifacts/NamedExtra/f6e0a7dde6898294ca51fd8542b3ef75.asset.1.index for Assets/_GiosNetworking/Scripts/NetworkedClient/CharacterController/CharacterControllerInput.cs with Types
 -> (target hash: 'cb10f80efc200f06668814aab4ceab01') in 0.007280 seconds
  Import took 0.012013 seconds .

========================================================================
Received Import Request.
  Time since last request: 0.003562 seconds.
  path: Assets/_GiosNetworking/Scripts/NetworkedClient/ClientPrediction.cs
  artifactKey: Guid(b51cc41ffdd241f2955fb0d75fedd946) Importer(2089858483,3291a93977bff14cd8133371a99a42d2)
Start importing Assets/_GiosNetworking/Scripts/NetworkedClient/ClientPrediction.cs using Guid(b51cc41ffdd241f2955fb0d75fedd946) Importer(2089858483,3291a93977bff14cd8133371a99a42d2) 
Generated asset (ASIEI01) VirtualArtifacts/NamedExtra/9ed7762ac0767ef4288c087e926d1f10.asset.1.index for Assets/_GiosNetworking/Scripts/NetworkedClient/ClientPrediction.cs with Types
 -> (target hash: 'c4d331d740c5fd739f32f75b8cbdc7d6') in 0.005920 seconds
  Import took 0.025712 seconds .

========================================================================
Received Import Request.
  Time since last request: 0.000274 seconds.
  path: Assets/_GiosNetworking/Scripts/NetworkedClient/CharacterController/NetworkedCharacterControllerGUI.cs
  artifactKey: Guid(60751abb7d294467a0720f9ec9d005e4) Importer(2089858483,3291a93977bff14cd8133371a99a42d2)
Start importing Assets/_GiosNetworking/Scripts/NetworkedClient/CharacterController/NetworkedCharacterControllerGUI.cs using Guid(60751abb7d294467a0720f9ec9d005e4) Importer(2089858483,3291a93977bff14cd8133371a99a42d2) 
Generated asset (ASIEI01) VirtualArtifacts/NamedExtra/35f4b45b48d7e9a4d9ce9763b7d2be7e.asset.1.index for Assets/_GiosNetworking/Scripts/NetworkedClient/CharacterController/NetworkedCharacterControllerGUI.cs with Types
 -> (target hash: 'a2366d00cee71812ca05c37d42afdc14') in 0.005768 seconds
  Import took 0.022159 seconds .

========================================================================
Received Import Request.
  Time since last request: 0.000265 seconds.
  path: Assets/_GiosNetworking/To dos.txt
  artifactKey: Guid(fb6c0a0ab3a9fbe4a930b99610ab96bc) Importer(2089858483,3291a93977bff14cd8133371a99a42d2)
Start importing Assets/_GiosNetworking/To dos.txt using Guid(fb6c0a0ab3a9fbe4a930b99610ab96bc) Importer(2089858483,3291a93977bff14cd8133371a99a42d2) 
Generated asset (ASIEI01) VirtualArtifacts/NamedExtra/a7f6f52daac2769498776f737ddd1b1d.asset.1.index for Assets/_GiosNetworking/To dos.txt with Types
 -> (target hash: '82c41525930e87e98b478747670bef08') in 0.009723 seconds
  Import took 0.014519 seconds .

========================================================================
Received Import Request.
  Time since last request: 0.000297 seconds.
  path: Assets/_GiosNetworking/Scripts/NetworkedClient/CharacterController/CharacterControllerMessenger.cs
  artifactKey: Guid(5f4e2538b32f4ed5a23d97f8abf3f7db) Importer(2089858483,3291a93977bff14cd8133371a99a42d2)
Start importing Assets/_GiosNetworking/Scripts/NetworkedClient/CharacterController/CharacterControllerMessenger.cs using Guid(5f4e2538b32f4ed5a23d97f8abf3f7db) Importer(2089858483,3291a93977bff14cd8133371a99a42d2) 
Generated asset (ASIEI01) VirtualArtifacts/NamedExtra/65b67514c40f92841806506b99de08f4.asset.1.index for Assets/_GiosNetworking/Scripts/NetworkedClient/CharacterController/CharacterControllerMessenger.cs with Types
 -> (target hash: '54b126c0b428318c5aa52104d75e0f73') in 0.006527 seconds
  Import took 0.010963 seconds .

========================================================================
Received Import Request.
  Time since last request: 0.003087 seconds.
  path: Assets/_GiosNetworking/CharacterController/Client_CharacterController.prefab
  artifactKey: Guid(95e7ec852858ad84e89915c43a8a1187) Importer(2089858483,3291a93977bff14cd8133371a99a42d2)
Start importing Assets/_GiosNetworking/CharacterController/Client_CharacterController.prefab using Guid(95e7ec852858ad84e89915c43a8a1187) Importer(2089858483,3291a93977bff14cd8133371a99a42d2) 
Generated asset (ASIEI01) VirtualArtifacts/NamedExtra/28ce7d40eadedcf4594ccccb0c05c251.asset.1.index for Assets/_GiosNetworking/CharacterController/Client_CharacterController.prefab with Types
 -> (target hash: '4b57b3222ae7ed12632ec86e27c647b1') in 0.006527 seconds
  Import took 0.013704 seconds .

========================================================================
Received Import Request.
  Time since last request: 0.000231 seconds.
  path: Assets/_GiosNetworking/Scripts/NetworkedClient/Rigidbody/NetworkedRigidbodyMessenger.cs
  artifactKey: Guid(0a93492b71b54a66bdeabd5dec66007b) Importer(2089858483,3291a93977bff14cd8133371a99a42d2)
Start importing Assets/_GiosNetworking/Scripts/NetworkedClient/Rigidbody/NetworkedRigidbodyMessenger.cs using Guid(0a93492b71b54a66bdeabd5dec66007b) Importer(2089858483,3291a93977bff14cd8133371a99a42d2) 
Generated asset (ASIEI01) VirtualArtifacts/NamedExtra/5e3c7b4168589134a840c8cd05308a14.asset.1.index for Assets/_GiosNetworking/Scripts/NetworkedClient/Rigidbody/NetworkedRigidbodyMessenger.cs with Types
 -> (target hash: '2c303c0a81569131b463e9efd1b73d3e') in 0.005680 seconds
  Import took 0.014518 seconds .

========================================================================
Received Import Request.
  Time since last request: 0.000230 seconds.
  path: Assets/_GiosNetworking/Scripts/NetworkedClient/Rigidbody/NetworkedRigidbody.cs
  artifactKey: Guid(4f4786708bdd58f48ba9f2e545069809) Importer(2089858483,3291a93977bff14cd8133371a99a42d2)
Start importing Assets/_GiosNetworking/Scripts/NetworkedClient/Rigidbody/NetworkedRigidbody.cs using Guid(4f4786708bdd58f48ba9f2e545069809) Importer(2089858483,3291a93977bff14cd8133371a99a42d2) 
Generated asset (ASIEI01) VirtualArtifacts/NamedExtra/0579715fa979a6741befaaf4c3cb2e9e.asset.1.index for Assets/_GiosNetworking/Scripts/NetworkedClient/Rigidbody/NetworkedRigidbody.cs with Types
 -> (target hash: '2c86bce3e3f176b62845badb60ee60c1') in 0.006108 seconds
  Import took 0.012374 seconds .

========================================================================
Received Import Request.
  Time since last request: 0.000776 seconds.
  path: Assets/_GiosNetworking/Scripts/NetworkedClient/CharacterController/CharacterControllerState.cs
  artifactKey: Guid(9cb427bd994c47c3bdeceeda39b26d1d) Importer(2089858483,3291a93977bff14cd8133371a99a42d2)
Start importing Assets/_GiosNetworking/Scripts/NetworkedClient/CharacterController/CharacterControllerState.cs using Guid(9cb427bd994c47c3bdeceeda39b26d1d) Importer(2089858483,3291a93977bff14cd8133371a99a42d2) 
Generated asset (ASIEI01) VirtualArtifacts/NamedExtra/d13c872199061bb4caa926dea70e25a9.asset.1.index for Assets/_GiosNetworking/Scripts/NetworkedClient/CharacterController/CharacterControllerState.cs with Types
 -> (target hash: 'caf36949c051c29bd8410ebda204e82d') in 0.017516 seconds
  Import took 0.024717 seconds .

========================================================================
Received Prepare
Reloading mono domain
Begin MonoManager ReloadAssembly
Registering precompiled unity dll's ...
Register platform support module: C:/Unity/2020.1.17f1/Editor/Data/PlaybackEngines/WindowsStandaloneSupport/UnityEditor.WindowsStandalone.Extensions.dll
Registered in 0.002037 seconds.
Native extension for WindowsStandalone target not found
Refreshing native plugins compatible for Editor in 51.34 ms, found 0 plugins.
Preloading 0 native plugins for Editor in 0.00 ms.
Mono: successfully reloaded assembly
- Completed reload, in  1.259 seconds
Registering precompiled user dll's ...
Registered in 0.097299 seconds.
Platform modules already initialized, skipping
Begin MonoManager ReloadAssembly
Native extension for WindowsStandalone target not found
Refreshing native plugins compatible for Editor in 0.79 ms, found 0 plugins.
Preloading 0 native plugins for Editor in 0.00 ms.
Mono: successfully reloaded assembly
- Completed reload, in  1.174 seconds
Platform modules already initialized, skipping
Refreshing native plugins compatible for Editor in 0.25 ms, found 0 plugins.
Preloading 0 native plugins for Editor in 0.00 ms.
Unloading 10 Unused Serialized files (Serialized files now loaded: 0)
System memory in use before: 37.9 MB.
System memory in use after: 38.0 MB.

Unloading 9 unused Assets to reduce memory usage. Loaded Objects now: 1852.
Total: 3.104400 ms (FindLiveObjects: 0.507600 ms CreateObjectMapping: 0.065700 ms MarkObjects: 2.494000 ms  DeleteObjects: 0.035400 ms)

========================================================================
Received Prepare
Reloading mono domain
Begin MonoManager ReloadAssembly
Registering precompiled unity dll's ...
Register platform support module: C:/Unity/2020.1.17f1/Editor/Data/PlaybackEngines/WindowsStandaloneSupport/UnityEditor.WindowsStandalone.Extensions.dll
Registered in 0.002060 seconds.
Native extension for WindowsStandalone target not found
Refreshing native plugins compatible for Editor in 49.47 ms, found 0 plugins.
Preloading 0 native plugins for Editor in 0.00 ms.
Mono: successfully reloaded assembly
- Completed reload, in  1.297 seconds
Registering precompiled user dll's ...
Registered in 0.101214 seconds.
Platform modules already initialized, skipping
Begin MonoManager ReloadAssembly
Native extension for WindowsStandalone target not found
Refreshing native plugins compatible for Editor in 0.59 ms, found 0 plugins.
Preloading 0 native plugins for Editor in 0.00 ms.
Mono: successfully reloaded assembly
- Completed reload, in  1.233 seconds
Platform modules already initialized, skipping
Refreshing native plugins compatible for Editor in 0.24 ms, found 0 plugins.
Preloading 0 native plugins for Editor in 0.00 ms.
Unloading 10 Unused Serialized files (Serialized files now loaded: 0)
System memory in use before: 37.9 MB.
System memory in use after: 38.0 MB.

Unloading 9 unused Assets to reduce memory usage. Loaded Objects now: 1856.
Total: 3.117500 ms (FindLiveObjects: 0.394100 ms CreateObjectMapping: 0.052500 ms MarkObjects: 2.638600 ms  DeleteObjects: 0.031400 ms)

========================================================================
Received Prepare
Reloading mono domain
Begin MonoManager ReloadAssembly
Registering precompiled unity dll's ...
Register platform support module: C:/Unity/2020.1.17f1/Editor/Data/PlaybackEngines/WindowsStandaloneSupport/UnityEditor.WindowsStandalone.Extensions.dll
Registered in 0.002218 seconds.
Native extension for WindowsStandalone target not found
Refreshing native plugins compatible for Editor in 45.35 ms, found 0 plugins.
Preloading 0 native plugins for Editor in 0.00 ms.
Mono: successfully reloaded assembly
- Completed reload, in  1.312 seconds
Registering precompiled user dll's ...
Registered in 0.105710 seconds.
Platform modules already initialized, skipping
Begin MonoManager ReloadAssembly
Native extension for WindowsStandalone target not found
Refreshing native plugins compatible for Editor in 0.65 ms, found 0 plugins.
Preloading 0 native plugins for Editor in 0.00 ms.
Mono: successfully reloaded assembly
- Completed reload, in  1.277 seconds
Platform modules already initialized, skipping
Refreshing native plugins compatible for Editor in 0.26 ms, found 0 plugins.
Preloading 0 native plugins for Editor in 0.00 ms.
Unloading 10 Unused Serialized files (Serialized files now loaded: 0)
System memory in use before: 37.9 MB.
System memory in use after: 38.1 MB.

Unloading 9 unused Assets to reduce memory usage. Loaded Objects now: 1860.
Total: 3.345900 ms (FindLiveObjects: 0.473400 ms CreateObjectMapping: 0.049700 ms MarkObjects: 2.788000 ms  DeleteObjects: 0.033300 ms)

========================================================================
Received Prepare
Reloading mono domain
Begin MonoManager ReloadAssembly
Registering precompiled unity dll's ...
Register platform support module: C:/Unity/2020.1.17f1/Editor/Data/PlaybackEngines/WindowsStandaloneSupport/UnityEditor.WindowsStandalone.Extensions.dll
Registered in 0.001945 seconds.
Native extension for WindowsStandalone target not found
Refreshing native plugins compatible for Editor in 50.26 ms, found 0 plugins.
Preloading 0 native plugins for Editor in 0.00 ms.
Mono: successfully reloaded assembly
- Completed reload, in  1.370 seconds
Registering precompiled user dll's ...
Registered in 0.101124 seconds.
Platform modules already initialized, skipping
Begin MonoManager ReloadAssembly
Native extension for WindowsStandalone target not found
Refreshing native plugins compatible for Editor in 0.76 ms, found 0 plugins.
Preloading 0 native plugins for Editor in 0.00 ms.
Mono: successfully reloaded assembly
- Completed reload, in  1.401 seconds
Platform modules already initialized, skipping
Refreshing native plugins compatible for Editor in 0.26 ms, found 0 plugins.
Preloading 0 native plugins for Editor in 0.00 ms.
Unloading 10 Unused Serialized files (Serialized files now loaded: 0)
System memory in use before: 37.9 MB.
System memory in use after: 38.1 MB.

Unloading 9 unused Assets to reduce memory usage. Loaded Objects now: 1864.
Total: 3.065600 ms (FindLiveObjects: 0.478100 ms CreateObjectMapping: 0.059900 ms MarkObjects: 2.499800 ms  DeleteObjects: 0.026600 ms)

========================================================================
Received Prepare
Reloading mono domain
Begin MonoManager ReloadAssembly
Registering precompiled unity dll's ...
Register platform support module: C:/Unity/2020.1.17f1/Editor/Data/PlaybackEngines/WindowsStandaloneSupport/UnityEditor.WindowsStandalone.Extensions.dll
Registered in 0.002650 seconds.
Native extension for WindowsStandalone target not found
Refreshing native plugins compatible for Editor in 49.33 ms, found 0 plugins.
Preloading 0 native plugins for Editor in 0.00 ms.
Mono: successfully reloaded assembly
- Completed reload, in  1.479 seconds
Registering precompiled user dll's ...
Registered in 0.101683 seconds.
Platform modules already initialized, skipping
Begin MonoManager ReloadAssembly
Native extension for WindowsStandalone target not found
Refreshing native plugins compatible for Editor in 0.74 ms, found 0 plugins.
Preloading 0 native plugins for Editor in 0.00 ms.
Mono: successfully reloaded assembly
- Completed reload, in  1.793 seconds
Platform modules already initialized, skipping
Refreshing native plugins compatible for Editor in 2.15 ms, found 0 plugins.
Preloading 0 native plugins for Editor in 0.00 ms.
Unloading 10 Unused Serialized files (Serialized files now loaded: 0)
System memory in use before: 38.0 MB.
System memory in use after: 38.1 MB.

Unloading 9 unused Assets to reduce memory usage. Loaded Objects now: 1868.
Total: 5.049200 ms (FindLiveObjects: 1.263200 ms CreateObjectMapping: 0.124300 ms MarkObjects: 3.624900 ms  DeleteObjects: 0.034700 ms)

========================================================================
Received Prepare
Reloading mono domain
Begin MonoManager ReloadAssembly
Registering precompiled unity dll's ...
Register platform support module: C:/Unity/2020.1.17f1/Editor/Data/PlaybackEngines/WindowsStandaloneSupport/UnityEditor.WindowsStandalone.Extensions.dll
Registered in 0.002029 seconds.
Native extension for WindowsStandalone target not found
Refreshing native plugins compatible for Editor in 48.94 ms, found 0 plugins.
Preloading 0 native plugins for Editor in 0.00 ms.
Mono: successfully reloaded assembly
- Completed reload, in  1.553 seconds
Registering precompiled user dll's ...
Registered in 0.104270 seconds.
Platform modules already initialized, skipping
Begin MonoManager ReloadAssembly
Native extension for WindowsStandalone target not found
Refreshing native plugins compatible for Editor in 0.55 ms, found 0 plugins.
Preloading 0 native plugins for Editor in 0.00 ms.
Mono: successfully reloaded assembly
- Completed reload, in  1.457 seconds
Platform modules already initialized, skipping
Refreshing native plugins compatible for Editor in 0.25 ms, found 0 plugins.
Preloading 0 native plugins for Editor in 0.00 ms.
Unloading 10 Unused Serialized files (Serialized files now loaded: 0)
System memory in use before: 38.0 MB.
System memory in use after: 38.1 MB.

Unloading 9 unused Assets to reduce memory usage. Loaded Objects now: 1872.
Total: 2.932000 ms (FindLiveObjects: 0.490400 ms CreateObjectMapping: 0.067400 ms MarkObjects: 2.335400 ms  DeleteObjects: 0.036900 ms)

========================================================================
Received Prepare
Reloading mono domain
Begin MonoManager ReloadAssembly
Registering precompiled unity dll's ...
Register platform support module: C:/Unity/2020.1.17f1/Editor/Data/PlaybackEngines/WindowsStandaloneSupport/UnityEditor.WindowsStandalone.Extensions.dll
Registered in 0.002144 seconds.
Native extension for WindowsStandalone target not found
Refreshing native plugins compatible for Editor in 50.04 ms, found 0 plugins.
Preloading 0 native plugins for Editor in 0.00 ms.
Mono: successfully reloaded assembly
- Completed reload, in  1.763 seconds
Registering precompiled user dll's ...
Registered in 0.112180 seconds.
Platform modules already initialized, skipping
Begin MonoManager ReloadAssembly
Native extension for WindowsStandalone target not found
Refreshing native plugins compatible for Editor in 0.68 ms, found 0 plugins.
Preloading 0 native plugins for Editor in 0.00 ms.
Mono: successfully reloaded assembly
- Completed reload, in  1.815 seconds
Platform modules already initialized, skipping
Refreshing native plugins compatible for Editor in 0.24 ms, found 0 plugins.
Preloading 0 native plugins for Editor in 0.00 ms.
Unloading 10 Unused Serialized files (Serialized files now loaded: 0)
System memory in use before: 38.0 MB.
System memory in use after: 38.1 MB.

Unloading 9 unused Assets to reduce memory usage. Loaded Objects now: 1876.
Total: 3.699300 ms (FindLiveObjects: 0.463400 ms CreateObjectMapping: 0.056600 ms MarkObjects: 3.141700 ms  DeleteObjects: 0.036200 ms)

========================================================================
Received Prepare
Reloading mono domain
Begin MonoManager ReloadAssembly
Registering precompiled unity dll's ...
Register platform support module: C:/Unity/2020.1.17f1/Editor/Data/PlaybackEngines/WindowsStandaloneSupport/UnityEditor.WindowsStandalone.Extensions.dll
Registered in 0.002365 seconds.
Native extension for WindowsStandalone target not found
Refreshing native plugins compatible for Editor in 50.22 ms, found 0 plugins.
Preloading 0 native plugins for Editor in 0.00 ms.
Mono: successfully reloaded assembly
- Completed reload, in  1.708 seconds
Registering precompiled user dll's ...
Registered in 0.103907 seconds.
Platform modules already initialized, skipping
Begin MonoManager ReloadAssembly
Native extension for WindowsStandalone target not found
Refreshing native plugins compatible for Editor in 0.67 ms, found 0 plugins.
Preloading 0 native plugins for Editor in 0.00 ms.
Mono: successfully reloaded assembly
- Completed reload, in  1.572 seconds
Platform modules already initialized, skipping
Refreshing native plugins compatible for Editor in 0.32 ms, found 0 plugins.
Preloading 0 native plugins for Editor in 0.00 ms.
Unloading 10 Unused Serialized files (Serialized files now loaded: 0)
System memory in use before: 38.0 MB.
System memory in use after: 38.1 MB.

Unloading 9 unused Assets to reduce memory usage. Loaded Objects now: 1880.
Total: 3.067600 ms (FindLiveObjects: 0.475800 ms CreateObjectMapping: 0.051400 ms MarkObjects: 2.502000 ms  DeleteObjects: 0.036800 ms)

========================================================================
Received Prepare
Reloading mono domain
Begin MonoManager ReloadAssembly
Registering precompiled unity dll's ...
Register platform support module: C:/Unity/2020.1.17f1/Editor/Data/PlaybackEngines/WindowsStandaloneSupport/UnityEditor.WindowsStandalone.Extensions.dll
Registered in 0.002666 seconds.
Native extension for WindowsStandalone target not found
Refreshing native plugins compatible for Editor in 54.22 ms, found 0 plugins.
Preloading 0 native plugins for Editor in 0.00 ms.
Mono: successfully reloaded assembly
- Completed reload, in  2.039 seconds
Registering precompiled user dll's ...
Registered in 0.130683 seconds.
Platform modules already initialized, skipping
Begin MonoManager ReloadAssembly
Native extension for WindowsStandalone target not found
Refreshing native plugins compatible for Editor in 1.13 ms, found 0 plugins.
Preloading 0 native plugins for Editor in 0.00 ms.
Mono: successfully reloaded assembly
- Completed reload, in  1.898 seconds
Platform modules already initialized, skipping
Refreshing native plugins compatible for Editor in 0.27 ms, found 0 plugins.
Preloading 0 native plugins for Editor in 0.00 ms.
Unloading 10 Unused Serialized files (Serialized files now loaded: 0)
System memory in use before: 38.0 MB.
System memory in use after: 38.1 MB.

Unloading 9 unused Assets to reduce memory usage. Loaded Objects now: 1884.
Total: 5.822500 ms (FindLiveObjects: 0.405500 ms CreateObjectMapping: 0.059900 ms MarkObjects: 5.320300 ms  DeleteObjects: 0.035800 ms)

========================================================================
Received Prepare
Reloading mono domain
Begin MonoManager ReloadAssembly
Registering precompiled unity dll's ...
Register platform support module: C:/Unity/2020.1.17f1/Editor/Data/PlaybackEngines/WindowsStandaloneSupport/UnityEditor.WindowsStandalone.Extensions.dll
Registered in 0.002101 seconds.
Native extension for WindowsStandalone target not found
Refreshing native plugins compatible for Editor in 51.40 ms, found 0 plugins.
Preloading 0 native plugins for Editor in 0.00 ms.
Mono: successfully reloaded assembly
- Completed reload, in  1.802 seconds
Registering precompiled user dll's ...
Registered in 0.105864 seconds.
Platform modules already initialized, skipping
Begin MonoManager ReloadAssembly
Native extension for WindowsStandalone target not found
Refreshing native plugins compatible for Editor in 0.61 ms, found 0 plugins.
Preloading 0 native plugins for Editor in 0.00 ms.
Mono: successfully reloaded assembly
- Completed reload, in  1.729 seconds
Platform modules already initialized, skipping
Refreshing native plugins compatible for Editor in 0.26 ms, found 0 plugins.
Preloading 0 native plugins for Editor in 0.00 ms.
Unloading 10 Unused Serialized files (Serialized files now loaded: 0)
System memory in use before: 38.0 MB.
System memory in use after: 38.1 MB.

Unloading 9 unused Assets to reduce memory usage. Loaded Objects now: 1888.
Total: 3.173100 ms (FindLiveObjects: 0.491200 ms CreateObjectMapping: 0.064300 ms MarkObjects: 2.579000 ms  DeleteObjects: 0.037200 ms)

========================================================================
Received Import Request.
  Time since last request: 1005.788824 seconds.
  path: Assets/_GiosNetworking/Scripts/MainMenu.cs
  artifactKey: Guid(ea3855aa219cb2443aa9e7d4121b0a4c) Importer(2089858483,3291a93977bff14cd8133371a99a42d2)
Start importing Assets/_GiosNetworking/Scripts/MainMenu.cs using Guid(ea3855aa219cb2443aa9e7d4121b0a4c) Importer(2089858483,3291a93977bff14cd8133371a99a42d2) 
Generated asset (ASIEI01) VirtualArtifacts/NamedExtra/8d3869addaaf9b642bac89ee8dc4b831.asset.1.index for Assets/_GiosNetworking/Scripts/MainMenu.cs with Types
 -> (target hash: 'c4ff6233c420f9c78d99110550841cff') in 0.095196 seconds
  Import took 0.100850 seconds .

========================================================================
Received Import Request.
  Time since last request: 0.002747 seconds.
  path: Assets/_GiosNetworking/Scripts/NetworkedClient/INetworkedClientState.cs
  artifactKey: Guid(479672ce7837438ebdfd5ce19f8fb674) Importer(2089858483,3291a93977bff14cd8133371a99a42d2)
Start importing Assets/_GiosNetworking/Scripts/NetworkedClient/INetworkedClientState.cs using Guid(479672ce7837438ebdfd5ce19f8fb674) Importer(2089858483,3291a93977bff14cd8133371a99a42d2) 
Generated asset (ASIEI01) VirtualArtifacts/NamedExtra/781048cf8834f3b41b7ef55e4dcf407e.asset.1.index for Assets/_GiosNetworking/Scripts/NetworkedClient/INetworkedClientState.cs with Types
 -> (target hash: '5aa54b9701344d4b9ab761786529c7b2') in 0.006136 seconds
  Import took 0.011620 seconds .

========================================================================
Received Import Request.
  Time since last request: 0.001251 seconds.
  path: Assets/_GiosNetworking/Scripts/NetworkedClient/Rigidbody/RigidbodyState.cs
  artifactKey: Guid(31d654c2dc0645e4b61a930321872eef) Importer(2089858483,3291a93977bff14cd8133371a99a42d2)
Start importing Assets/_GiosNetworking/Scripts/NetworkedClient/Rigidbody/RigidbodyState.cs using Guid(31d654c2dc0645e4b61a930321872eef) Importer(2089858483,3291a93977bff14cd8133371a99a42d2) 
Generated asset (ASIEI01) VirtualArtifacts/NamedExtra/1f96cc0fb8dff054cbd23ef596ca4bdb.asset.1.index for Assets/_GiosNetworking/Scripts/NetworkedClient/Rigidbody/RigidbodyState.cs with Types
 -> (target hash: '507f8e0a594d176ddfd4e906f56f5e2b') in 0.006115 seconds
  Import took 0.012183 seconds .

========================================================================
Received Import Request.
  Time since last request: 0.002545 seconds.
  path: Assets/_GiosNetworking/Scripts/NetworkedClient/Rigidbody/RigidbodyInput.cs
  artifactKey: Guid(227ac0790f7d4552bb9bdfc5d3735d13) Importer(2089858483,3291a93977bff14cd8133371a99a42d2)
Start importing Assets/_GiosNetworking/Scripts/NetworkedClient/Rigidbody/RigidbodyInput.cs using Guid(227ac0790f7d4552bb9bdfc5d3735d13) Importer(2089858483,3291a93977bff14cd8133371a99a42d2) 
Generated asset (ASIEI01) VirtualArtifacts/NamedExtra/22cd3f427aa7d9944ac454fd6227ff78.asset.1.index for Assets/_GiosNetworking/Scripts/NetworkedClient/Rigidbody/RigidbodyInput.cs with Types
 -> (target hash: 'cb1fe9a0bef508b503ff9d787cc92f61') in 0.006552 seconds
  Import took 0.012683 seconds .

========================================================================
Received Import Request.
  Time since last request: 0.001188 seconds.
  path: Assets/_GiosNetworking/Scripts/NetworkedClient/Rigidbody/NetworkedRigidbodyGUI.cs
  artifactKey: Guid(5bf3280455624dc4a84c9d57e642faf7) Importer(2089858483,3291a93977bff14cd8133371a99a42d2)
Start importing Assets/_GiosNetworking/Scripts/NetworkedClient/Rigidbody/NetworkedRigidbodyGUI.cs using Guid(5bf3280455624dc4a84c9d57e642faf7) Importer(2089858483,3291a93977bff14cd8133371a99a42d2) 
Generated asset (ASIEI01) VirtualArtifacts/NamedExtra/ade9c7e55aa14b441ae192527ea8bac9.asset.1.index for Assets/_GiosNetworking/Scripts/NetworkedClient/Rigidbody/NetworkedRigidbodyGUI.cs with Types
 -> (target hash: 'e91faa673dadf53fda60166cae3ccd24') in 0.009484 seconds
  Import took 0.015324 seconds .

========================================================================
Received Import Request.
  Time since last request: 0.000851 seconds.
  path: Assets/_GiosNetworking/Scripts/NetworkedClient/NetworkedClient.cs
  artifactKey: Guid(8949bcd0739d3f64b9db6fa3994153ac) Importer(2089858483,3291a93977bff14cd8133371a99a42d2)
Start importing Assets/_GiosNetworking/Scripts/NetworkedClient/NetworkedClient.cs using Guid(8949bcd0739d3f64b9db6fa3994153ac) Importer(2089858483,3291a93977bff14cd8133371a99a42d2) 
Generated asset (ASIEI01) VirtualArtifacts/NamedExtra/4f5fcc0eb1fdc2e47901a54556755464.asset.1.index for Assets/_GiosNetworking/Scripts/NetworkedClient/NetworkedClient.cs with Types
 -> (target hash: '2c97f80f46f9fd1c96e39baff787e61d') in 0.006889 seconds
  Import took 0.012370 seconds .

========================================================================
Received Import Request.
  Time since last request: 0.000450 seconds.
  path: Assets/_GiosNetworking/Scripts/NetworkedClient/Rigidbody/NetworkedRigidbody.cs
  artifactKey: Guid(4f4786708bdd58f48ba9f2e545069809) Importer(2089858483,3291a93977bff14cd8133371a99a42d2)
Start importing Assets/_GiosNetworking/Scripts/NetworkedClient/Rigidbody/NetworkedRigidbody.cs using Guid(4f4786708bdd58f48ba9f2e545069809) Importer(2089858483,3291a93977bff14cd8133371a99a42d2) 
Generated asset (ASIEI01) VirtualArtifacts/NamedExtra/774f317ac604fbd42836387ff613b243.asset.1.index for Assets/_GiosNetworking/Scripts/NetworkedClient/Rigidbody/NetworkedRigidbody.cs with Types
 -> (target hash: '915c367f9b524a0281efb8a82648be39') in 0.006064 seconds
  Import took 0.014776 seconds .

========================================================================
Received Prepare
Reloading mono domain
Begin MonoManager ReloadAssembly
Registering precompiled unity dll's ...
Register platform support module: C:/Unity/2020.1.17f1/Editor/Data/PlaybackEngines/WindowsStandaloneSupport/UnityEditor.WindowsStandalone.Extensions.dll
Registered in 0.002025 seconds.
Native extension for WindowsStandalone target not found
Refreshing native plugins compatible for Editor in 67.65 ms, found 0 plugins.
Preloading 0 native plugins for Editor in 0.00 ms.
Mono: successfully reloaded assembly
- Completed reload, in  1.862 seconds
Registering precompiled user dll's ...
Registered in 0.097607 seconds.
Platform modules already initialized, skipping
Begin MonoManager ReloadAssembly
Native extension for WindowsStandalone target not found
Refreshing native plugins compatible for Editor in 0.64 ms, found 0 plugins.
Preloading 0 native plugins for Editor in 0.00 ms.
Mono: successfully reloaded assembly
- Completed reload, in  1.785 seconds
Platform modules already initialized, skipping
Refreshing native plugins compatible for Editor in 0.24 ms, found 0 plugins.
Preloading 0 native plugins for Editor in 0.00 ms.
Unloading 10 Unused Serialized files (Serialized files now loaded: 0)
System memory in use before: 38.0 MB.
System memory in use after: 38.1 MB.

Unloading 9 unused Assets to reduce memory usage. Loaded Objects now: 1892.
Total: 3.226300 ms (FindLiveObjects: 0.444000 ms CreateObjectMapping: 0.049900 ms MarkObjects: 2.696300 ms  DeleteObjects: 0.034700 ms)

========================================================================
Received Import Request.
  Time since last request: 154.720629 seconds.
  path: Assets/_GiosNetworking/Scripts/NetworkedClient/NetworkedClient.cs
  artifactKey: Guid(8949bcd0739d3f64b9db6fa3994153ac) Importer(2089858483,3291a93977bff14cd8133371a99a42d2)
Start importing Assets/_GiosNetworking/Scripts/NetworkedClient/NetworkedClient.cs using Guid(8949bcd0739d3f64b9db6fa3994153ac) Importer(2089858483,3291a93977bff14cd8133371a99a42d2) 
Generated asset (ASIEI01) VirtualArtifacts/NamedExtra/619265b82cdc6d54290b89c33686324a.asset.1.index for Assets/_GiosNetworking/Scripts/NetworkedClient/NetworkedClient.cs with Types
 -> (target hash: '1d9d8c3897dd3b0d0c8dc98217c3648b') in 0.097376 seconds
  Import took 0.111122 seconds .

========================================================================
Received Import Request.
  Time since last request: 0.000348 seconds.
  path: Assets/_GiosNetworking/Scripts/NetworkedClient/Rigidbody/NetworkedRigidbody.cs
  artifactKey: Guid(4f4786708bdd58f48ba9f2e545069809) Importer(2089858483,3291a93977bff14cd8133371a99a42d2)
Start importing Assets/_GiosNetworking/Scripts/NetworkedClient/Rigidbody/NetworkedRigidbody.cs using Guid(4f4786708bdd58f48ba9f2e545069809) Importer(2089858483,3291a93977bff14cd8133371a99a42d2) 
Generated asset (ASIEI01) VirtualArtifacts/NamedExtra/f6e2e8c9a4842124c9557b3f95a09f4b.asset.1.index for Assets/_GiosNetworking/Scripts/NetworkedClient/Rigidbody/NetworkedRigidbody.cs with Types
 -> (target hash: 'a6aebfc9b2b40c8f5a06ae2cc46601ef') in 0.006002 seconds
  Import took 0.010816 seconds .

========================================================================
Received Prepare
Reloading mono domain
Begin MonoManager ReloadAssembly
Registering precompiled unity dll's ...
Register platform support module: C:/Unity/2020.1.17f1/Editor/Data/PlaybackEngines/WindowsStandaloneSupport/UnityEditor.WindowsStandalone.Extensions.dll
Registered in 0.002077 seconds.
Native extension for WindowsStandalone target not found
Refreshing native plugins compatible for Editor in 46.25 ms, found 0 plugins.
Preloading 0 native plugins for Editor in 0.00 ms.
Mono: successfully reloaded assembly
- Completed reload, in  1.810 seconds
Registering precompiled user dll's ...
Registered in 0.108266 seconds.
Platform modules already initialized, skipping
Begin MonoManager ReloadAssembly
Native extension for WindowsStandalone target not found
Refreshing native plugins compatible for Editor in 0.73 ms, found 0 plugins.
Preloading 0 native plugins for Editor in 0.00 ms.
Mono: successfully reloaded assembly
- Completed reload, in  2.298 seconds
Platform modules already initialized, skipping
Refreshing native plugins compatible for Editor in 0.30 ms, found 0 plugins.
Preloading 0 native plugins for Editor in 0.00 ms.
Unloading 10 Unused Serialized files (Serialized files now loaded: 0)
System memory in use before: 38.0 MB.
System memory in use after: 38.1 MB.

Unloading 9 unused Assets to reduce memory usage. Loaded Objects now: 1896.
Total: 3.909300 ms (FindLiveObjects: 0.478100 ms CreateObjectMapping: 0.064000 ms MarkObjects: 3.334900 ms  DeleteObjects: 0.031000 ms)

========================================================================
Received Prepare
Refreshing native plugins compatible for Editor in 2.90 ms, found 0 plugins.
Preloading 0 native plugins for Editor in 0.00 ms.
Unloading 7 Unused Serialized files (Serialized files now loaded: 0)
System memory in use before: 37.6 MB.
System memory in use after: 37.7 MB.

Unloading 7 unused Assets to reduce memory usage. Loaded Objects now: 1896.
Total: 3.745300 ms (FindLiveObjects: 0.481200 ms CreateObjectMapping: 0.063200 ms MarkObjects: 3.170400 ms  DeleteObjects: 0.029000 ms)

========================================================================
Received Prepare
Reloading mono domain
Begin MonoManager ReloadAssembly
Registering precompiled unity dll's ...
Register platform support module: C:/Unity/2020.1.17f1/Editor/Data/PlaybackEngines/WindowsStandaloneSupport/UnityEditor.WindowsStandalone.Extensions.dll
Registered in 0.002156 seconds.
Native extension for WindowsStandalone target not found
Refreshing native plugins compatible for Editor in 42.94 ms, found 0 plugins.
Preloading 0 native plugins for Editor in 0.00 ms.
Mono: successfully reloaded assembly
- Completed reload, in  2.141 seconds
Registering precompiled user dll's ...
Registered in 0.099163 seconds.
Platform modules already initialized, skipping
Begin MonoManager ReloadAssembly
Native extension for WindowsStandalone target not found
Refreshing native plugins compatible for Editor in 0.64 ms, found 0 plugins.
Preloading 0 native plugins for Editor in 0.00 ms.
Mono: successfully reloaded assembly
- Completed reload, in  1.947 seconds
Platform modules already initialized, skipping
Refreshing native plugins compatible for Editor in 0.24 ms, found 0 plugins.
Preloading 0 native plugins for Editor in 0.00 ms.
Unloading 10 Unused Serialized files (Serialized files now loaded: 0)
System memory in use before: 38.0 MB.
System memory in use after: 38.1 MB.

Unloading 9 unused Assets to reduce memory usage. Loaded Objects now: 1900.
Total: 3.124100 ms (FindLiveObjects: 0.449300 ms CreateObjectMapping: 0.052200 ms MarkObjects: 2.580000 ms  DeleteObjects: 0.041000 ms)

========================================================================
Received Prepare
Reloading mono domain
Begin MonoManager ReloadAssembly
Registering precompiled unity dll's ...
Register platform support module: C:/Unity/2020.1.17f1/Editor/Data/PlaybackEngines/WindowsStandaloneSupport/UnityEditor.WindowsStandalone.Extensions.dll
Registered in 0.001900 seconds.
Native extension for WindowsStandalone target not found
Refreshing native plugins compatible for Editor in 50.11 ms, found 0 plugins.
Preloading 0 native plugins for Editor in 0.00 ms.
Mono: successfully reloaded assembly
- Completed reload, in  1.952 seconds
Registering precompiled user dll's ...
Registered in 0.097552 seconds.
Platform modules already initialized, skipping
Begin MonoManager ReloadAssembly
Native extension for WindowsStandalone target not found
Refreshing native plugins compatible for Editor in 0.71 ms, found 0 plugins.
Preloading 0 native plugins for Editor in 0.00 ms.
Mono: successfully reloaded assembly
- Completed reload, in  2.083 seconds
Platform modules already initialized, skipping
Refreshing native plugins compatible for Editor in 0.27 ms, found 0 plugins.
Preloading 0 native plugins for Editor in 0.00 ms.
Unloading 10 Unused Serialized files (Serialized files now loaded: 0)
System memory in use before: 38.0 MB.
System memory in use after: 38.1 MB.

Unloading 9 unused Assets to reduce memory usage. Loaded Objects now: 1904.
Total: 3.770800 ms (FindLiveObjects: 0.815100 ms CreateObjectMapping: 0.075200 ms MarkObjects: 2.835000 ms  DeleteObjects: 0.043900 ms)

========================================================================
Received Prepare
Reloading mono domain
Begin MonoManager ReloadAssembly
Registering precompiled unity dll's ...
Register platform support module: C:/Unity/2020.1.17f1/Editor/Data/PlaybackEngines/WindowsStandaloneSupport/UnityEditor.WindowsStandalone.Extensions.dll
Registered in 0.002002 seconds.
Native extension for WindowsStandalone target not found
Refreshing native plugins compatible for Editor in 47.44 ms, found 0 plugins.
Preloading 0 native plugins for Editor in 0.00 ms.
Mono: successfully reloaded assembly
- Completed reload, in  1.977 seconds
Registering precompiled user dll's ...
Registered in 0.102305 seconds.
Platform modules already initialized, skipping
Begin MonoManager ReloadAssembly
Native extension for WindowsStandalone target not found
Refreshing native plugins compatible for Editor in 0.71 ms, found 0 plugins.
Preloading 0 native plugins for Editor in 0.00 ms.
Mono: successfully reloaded assembly
- Completed reload, in  1.972 seconds
Platform modules already initialized, skipping
Refreshing native plugins compatible for Editor in 0.25 ms, found 0 plugins.
Preloading 0 native plugins for Editor in 0.00 ms.
Unloading 10 Unused Serialized files (Serialized files now loaded: 0)
System memory in use before: 38.0 MB.
System memory in use after: 38.1 MB.

Unloading 9 unused Assets to reduce memory usage. Loaded Objects now: 1908.
Total: 2.953900 ms (FindLiveObjects: 0.458100 ms CreateObjectMapping: 0.049000 ms MarkObjects: 2.404500 ms  DeleteObjects: 0.040900 ms)

========================================================================
Received Prepare
Reloading mono domain
Begin MonoManager ReloadAssembly
Registering precompiled unity dll's ...
Register platform support module: C:/Unity/2020.1.17f1/Editor/Data/PlaybackEngines/WindowsStandaloneSupport/UnityEditor.WindowsStandalone.Extensions.dll
Registered in 0.002674 seconds.
Native extension for WindowsStandalone target not found
Refreshing native plugins compatible for Editor in 50.18 ms, found 0 plugins.
Preloading 0 native plugins for Editor in 0.00 ms.
Mono: successfully reloaded assembly
- Completed reload, in  2.230 seconds
Registering precompiled user dll's ...
Registered in 0.125687 seconds.
Platform modules already initialized, skipping
Begin MonoManager ReloadAssembly
Native extension for WindowsStandalone target not found
Refreshing native plugins compatible for Editor in 0.66 ms, found 0 plugins.
Preloading 0 native plugins for Editor in 0.00 ms.
Mono: successfully reloaded assembly
- Completed reload, in  2.133 seconds
Platform modules already initialized, skipping
Refreshing native plugins compatible for Editor in 0.26 ms, found 0 plugins.
Preloading 0 native plugins for Editor in 0.00 ms.
Unloading 10 Unused Serialized files (Serialized files now loaded: 0)
System memory in use before: 38.0 MB.
System memory in use after: 38.1 MB.

Unloading 9 unused Assets to reduce memory usage. Loaded Objects now: 1912.
Total: 3.704400 ms (FindLiveObjects: 0.925900 ms CreateObjectMapping: 0.073800 ms MarkObjects: 2.667500 ms  DeleteObjects: 0.035400 ms)

========================================================================
Received Prepare
Reloading mono domain
Begin MonoManager ReloadAssembly
Registering precompiled unity dll's ...
Register platform support module: C:/Unity/2020.1.17f1/Editor/Data/PlaybackEngines/WindowsStandaloneSupport/UnityEditor.WindowsStandalone.Extensions.dll
Registered in 0.002072 seconds.
Native extension for WindowsStandalone target not found
Refreshing native plugins compatible for Editor in 45.52 ms, found 0 plugins.
Preloading 0 native plugins for Editor in 0.00 ms.
Mono: successfully reloaded assembly
- Completed reload, in  2.378 seconds
Registering precompiled user dll's ...
Registered in 0.109314 seconds.
Platform modules already initialized, skipping
Begin MonoManager ReloadAssembly
Native extension for WindowsStandalone target not found
Refreshing native plugins compatible for Editor in 0.76 ms, found 0 plugins.
Preloading 0 native plugins for Editor in 0.00 ms.
Mono: successfully reloaded assembly
- Completed reload, in  2.204 seconds
Platform modules already initialized, skipping
Refreshing native plugins compatible for Editor in 0.34 ms, found 0 plugins.
Preloading 0 native plugins for Editor in 0.00 ms.
Unloading 10 Unused Serialized files (Serialized files now loaded: 0)
System memory in use before: 38.0 MB.
System memory in use after: 38.1 MB.

Unloading 9 unused Assets to reduce memory usage. Loaded Objects now: 1916.
Total: 3.287700 ms (FindLiveObjects: 0.497300 ms CreateObjectMapping: 0.063200 ms MarkObjects: 2.693800 ms  DeleteObjects: 0.031900 ms)

========================================================================
Received Prepare
Reloading mono domain
Begin MonoManager ReloadAssembly
Registering precompiled unity dll's ...
Register platform support module: C:/Unity/2020.1.17f1/Editor/Data/PlaybackEngines/WindowsStandaloneSupport/UnityEditor.WindowsStandalone.Extensions.dll
Registered in 0.002283 seconds.
Native extension for WindowsStandalone target not found
Refreshing native plugins compatible for Editor in 47.98 ms, found 0 plugins.
Preloading 0 native plugins for Editor in 0.00 ms.
Mono: successfully reloaded assembly
- Completed reload, in  2.139 seconds
Registering precompiled user dll's ...
Registered in 0.104894 seconds.
Platform modules already initialized, skipping
Begin MonoManager ReloadAssembly
Native extension for WindowsStandalone target not found
Refreshing native plugins compatible for Editor in 0.64 ms, found 0 plugins.
Preloading 0 native plugins for Editor in 0.00 ms.
Mono: successfully reloaded assembly
- Completed reload, in  2.202 seconds
Platform modules already initialized, skipping
Refreshing native plugins compatible for Editor in 0.24 ms, found 0 plugins.
Preloading 0 native plugins for Editor in 0.00 ms.
Unloading 10 Unused Serialized files (Serialized files now loaded: 0)
System memory in use before: 38.0 MB.
System memory in use after: 38.1 MB.

Unloading 9 unused Assets to reduce memory usage. Loaded Objects now: 1920.
Total: 3.232900 ms (FindLiveObjects: 0.432000 ms CreateObjectMapping: 0.061500 ms MarkObjects: 2.709000 ms  DeleteObjects: 0.029400 ms)

========================================================================
Received Prepare
Reloading mono domain
Begin MonoManager ReloadAssembly
Registering precompiled unity dll's ...
Register platform support module: C:/Unity/2020.1.17f1/Editor/Data/PlaybackEngines/WindowsStandaloneSupport/UnityEditor.WindowsStandalone.Extensions.dll
Registered in 0.002599 seconds.
Native extension for WindowsStandalone target not found
Refreshing native plugins compatible for Editor in 49.57 ms, found 0 plugins.
Preloading 0 native plugins for Editor in 0.00 ms.
Mono: successfully reloaded assembly
- Completed reload, in  2.300 seconds
Registering precompiled user dll's ...
Registered in 0.108393 seconds.
Platform modules already initialized, skipping
Begin MonoManager ReloadAssembly
Native extension for WindowsStandalone target not found
Refreshing native plugins compatible for Editor in 0.74 ms, found 0 plugins.
Preloading 0 native plugins for Editor in 0.00 ms.
Mono: successfully reloaded assembly
- Completed reload, in  2.377 seconds
Platform modules already initialized, skipping
Refreshing native plugins compatible for Editor in 0.25 ms, found 0 plugins.
Preloading 0 native plugins for Editor in 0.00 ms.
Unloading 10 Unused Serialized files (Serialized files now loaded: 0)
System memory in use before: 38.0 MB.
System memory in use after: 38.1 MB.

Unloading 9 unused Assets to reduce memory usage. Loaded Objects now: 1924.
Total: 3.269500 ms (FindLiveObjects: 0.578400 ms CreateObjectMapping: 0.094400 ms MarkObjects: 2.557200 ms  DeleteObjects: 0.038200 ms)

========================================================================
Received Prepare
Refreshing native plugins compatible for Editor in 3.39 ms, found 0 plugins.
Preloading 0 native plugins for Editor in 0.00 ms.
Unloading 7 Unused Serialized files (Serialized files now loaded: 0)
System memory in use before: 37.6 MB.
System memory in use after: 37.8 MB.

Unloading 7 unused Assets to reduce memory usage. Loaded Objects now: 1924.
Total: 3.399900 ms (FindLiveObjects: 0.539800 ms CreateObjectMapping: 0.069300 ms MarkObjects: 2.764800 ms  DeleteObjects: 0.024900 ms)

========================================================================
Received Import Request.
  Time since last request: 1410.114038 seconds.
  path: Assets/_GiosNetworking/Scripts/NetworkedClient/Rigidbody/NetworkedRigidbody.cs
  artifactKey: Guid(4f4786708bdd58f48ba9f2e545069809) Importer(2089858483,3291a93977bff14cd8133371a99a42d2)
Start importing Assets/_GiosNetworking/Scripts/NetworkedClient/Rigidbody/NetworkedRigidbody.cs using Guid(4f4786708bdd58f48ba9f2e545069809) Importer(2089858483,3291a93977bff14cd8133371a99a42d2) 
Generated asset (ASIEI01) VirtualArtifacts/NamedExtra/7b11b96c60e115e46b2c5bbe55cef432.asset.1.index for Assets/_GiosNetworking/Scripts/NetworkedClient/Rigidbody/NetworkedRigidbody.cs with Types
 -> (target hash: '6183b19e064a28fb881f8ef69de20d03') in 0.109239 seconds
  Import took 0.116513 seconds .

========================================================================
Received Prepare
Reloading mono domain
Begin MonoManager ReloadAssembly
Registering precompiled unity dll's ...
Register platform support module: C:/Unity/2020.1.17f1/Editor/Data/PlaybackEngines/WindowsStandaloneSupport/UnityEditor.WindowsStandalone.Extensions.dll
Registered in 0.002180 seconds.
Native extension for WindowsStandalone target not found
Refreshing native plugins compatible for Editor in 48.16 ms, found 0 plugins.
Preloading 0 native plugins for Editor in 0.00 ms.
Mono: successfully reloaded assembly
- Completed reload, in  2.325 seconds
Registering precompiled user dll's ...
Registered in 0.105592 seconds.
Platform modules already initialized, skipping
Begin MonoManager ReloadAssembly
Native extension for WindowsStandalone target not found
Refreshing native plugins compatible for Editor in 0.70 ms, found 0 plugins.
Preloading 0 native plugins for Editor in 0.00 ms.
Mono: successfully reloaded assembly
- Completed reload, in  2.344 seconds
Platform modules already initialized, skipping
Refreshing native plugins compatible for Editor in 0.28 ms, found 0 plugins.
Preloading 0 native plugins for Editor in 0.00 ms.
Unloading 10 Unused Serialized files (Serialized files now loaded: 0)
System memory in use before: 38.0 MB.
System memory in use after: 38.1 MB.

Unloading 9 unused Assets to reduce memory usage. Loaded Objects now: 1928.
Total: 3.187200 ms (FindLiveObjects: 0.550500 ms CreateObjectMapping: 0.068200 ms MarkObjects: 2.533800 ms  DeleteObjects: 0.033300 ms)

========================================================================
Received Prepare
Reloading mono domain
Begin MonoManager ReloadAssembly
Registering precompiled unity dll's ...
Register platform support module: C:/Unity/2020.1.17f1/Editor/Data/PlaybackEngines/WindowsStandaloneSupport/UnityEditor.WindowsStandalone.Extensions.dll
Registered in 0.002001 seconds.
Native extension for WindowsStandalone target not found
Refreshing native plugins compatible for Editor in 47.85 ms, found 0 plugins.
Preloading 0 native plugins for Editor in 0.00 ms.
Mono: successfully reloaded assembly
- Completed reload, in  2.408 seconds
Registering precompiled user dll's ...
Registered in 0.105212 seconds.
Platform modules already initialized, skipping
Begin MonoManager ReloadAssembly
Native extension for WindowsStandalone target not found
Refreshing native plugins compatible for Editor in 1.14 ms, found 0 plugins.
Preloading 0 native plugins for Editor in 0.00 ms.
Mono: successfully reloaded assembly
- Completed reload, in  3.123 seconds
Platform modules already initialized, skipping
Refreshing native plugins compatible for Editor in 0.24 ms, found 0 plugins.
Preloading 0 native plugins for Editor in 0.00 ms.
Unloading 10 Unused Serialized files (Serialized files now loaded: 0)
System memory in use before: 38.0 MB.
System memory in use after: 38.1 MB.

Unloading 9 unused Assets to reduce memory usage. Loaded Objects now: 1932.
Total: 5.299300 ms (FindLiveObjects: 0.585400 ms CreateObjectMapping: 0.078900 ms MarkObjects: 4.541700 ms  DeleteObjects: 0.091300 ms)

